#! /home1/c/cis571/tools/bin/vvp
:ivl_version "11.0 (stable)" "(v11_0)";
:ivl_delay_selection "TYPICAL";
:vpi_time_precision - 12;
:vpi_module "/home1/c/cis571/tools/lib64/ivl/system.vpi";
:vpi_module "/home1/c/cis571/tools/lib64/ivl/vhdl_sys.vpi";
:vpi_module "/home1/c/cis571/tools/lib64/ivl/vhdl_textio.vpi";
:vpi_module "/home1/c/cis571/tools/lib64/ivl/v2005_math.vpi";
:vpi_module "/home1/c/cis571/tools/lib64/ivl/va_math.vpi";
S_0x22d8d40 .scope module, "test_regfile" "test_regfile" 2 16;
 .timescale -9 -12;
v0x23513b0_0 .var "clk", 0 0;
v0x2351470_0 .var/i "errors", 31 0;
v0x2351550_0 .var "expected_rs_A", 15 0;
v0x2351640_0 .var "expected_rs_B", 15 0;
v0x2351720_0 .var "expected_rt_A", 15 0;
v0x2351800_0 .var "expected_rt_B", 15 0;
v0x23518e0_0 .var "gwe", 0 0;
v0x2351980_0 .var/i "input_file", 31 0;
v0x2351a60_0 .var/i "output_file", 31 0;
v0x2351b40_0 .var "rd_A", 2 0;
v0x2351c00_0 .var "rd_B", 2 0;
v0x2351cc0_0 .var "rs_A", 2 0;
v0x2351d80_0 .var "rs_B", 2 0;
v0x2351e40_0 .net "rs_data_A", 15 0, L_0x236b8a0;  1 drivers
v0x2351f50_0 .net "rs_data_B", 15 0, L_0x23720f0;  1 drivers
v0x2352060_0 .var "rst", 0 0;
v0x2352100_0 .var "rt_A", 2 0;
v0x2352210_0 .var "rt_B", 2 0;
v0x2352320_0 .net "rt_data_A", 15 0, L_0x236e8c0;  1 drivers
v0x2352430_0 .net "rt_data_B", 15 0, L_0x2375100;  1 drivers
v0x2352540_0 .var/i "tests", 31 0;
v0x2352620_0 .var "wdata_A", 15 0;
v0x23526e0_0 .var "wdata_B", 15 0;
v0x23527a0_0 .var "wen_A", 0 0;
v0x2352840_0 .var "wen_B", 0 0;
S_0x22c19b0 .scope task, "printPoints" "printPoints" 3 1, 3 1 0, S_0x22d8d40;
 .timescale -9 -12;
v0x22d1d60_0 .var "actual", 31 0;
v0x22cd310_0 .var "possible", 31 0;
TD_test_regfile.printPoints ;
    %vpi_call 3 4 "$display", "<scorePossible>%d</scorePossible>", v0x22cd310_0 {0 0 0};
    %vpi_call 3 5 "$display", "<scoreActual>%d</scoreActual>", v0x22d1d60_0 {0 0 0};
    %end;
S_0x22c6400 .scope module, "regfile_ss" "lc4_regfile_ss" 2 54, 4 18 0, S_0x22d8d40;
 .timescale -9 -12;
    .port_info 0 /INPUT 1 "clk";
    .port_info 1 /INPUT 1 "gwe";
    .port_info 2 /INPUT 1 "rst";
    .port_info 3 /INPUT 3 "i_rs_A";
    .port_info 4 /OUTPUT 16 "o_rs_data_A";
    .port_info 5 /INPUT 3 "i_rt_A";
    .port_info 6 /OUTPUT 16 "o_rt_data_A";
    .port_info 7 /INPUT 3 "i_rs_B";
    .port_info 8 /OUTPUT 16 "o_rs_data_B";
    .port_info 9 /INPUT 3 "i_rt_B";
    .port_info 10 /OUTPUT 16 "o_rt_data_B";
    .port_info 11 /INPUT 3 "i_rd_A";
    .port_info 12 /INPUT 16 "i_wdata_A";
    .port_info 13 /INPUT 1 "i_rd_we_A";
    .port_info 14 /INPUT 3 "i_rd_B";
    .port_info 15 /INPUT 16 "i_wdata_B";
    .port_info 16 /INPUT 1 "i_rd_we_B";
P_0x232f1e0 .param/l "n" 0 4 18, +C4<00000000000000000000000000010000>;
v0x234fdf0_0 .net "clk", 0 0, v0x23513b0_0;  1 drivers
v0x23500c0_0 .net "gwe", 0 0, v0x23518e0_0;  1 drivers
v0x2350390_0 .net "i_rd_A", 2 0, v0x2351b40_0;  1 drivers
v0x2350460_0 .net "i_rd_B", 2 0, v0x2351c00_0;  1 drivers
v0x2350500_0 .net "i_rd_we_A", 0 0, v0x23527a0_0;  1 drivers
v0x23505a0_0 .net "i_rd_we_B", 0 0, v0x2352840_0;  1 drivers
v0x2350640_0 .net "i_rs_A", 2 0, v0x2351cc0_0;  1 drivers
v0x2350700_0 .net "i_rs_B", 2 0, v0x2351d80_0;  1 drivers
v0x23507d0_0 .net "i_rt_A", 2 0, v0x2352100_0;  1 drivers
v0x23508a0_0 .net "i_rt_B", 2 0, v0x2352210_0;  1 drivers
v0x2350970_0 .net "i_wdata_A", 15 0, v0x2352620_0;  1 drivers
v0x2350a10_0 .net "i_wdata_B", 15 0, v0x23526e0_0;  1 drivers
v0x2350ad0_0 .net "o_rs_data_A", 15 0, L_0x236b8a0;  alias, 1 drivers
v0x2350bc0_0 .net "o_rs_data_B", 15 0, L_0x23720f0;  alias, 1 drivers
v0x2350c90_0 .net "o_rt_data_A", 15 0, L_0x236e8c0;  alias, 1 drivers
v0x2350d60_0 .net "o_rt_data_B", 15 0, L_0x2375100;  alias, 1 drivers
v0x2350e30_0 .net "registers", 127 0, L_0x2358ac0;  1 drivers
v0x2350f00_0 .net "rst", 0 0, v0x2352060_0;  1 drivers
LS_0x2358ac0_0_0 .concat8 [ 16 16 16 16], L_0x2312970, L_0x23542b0, L_0x23550c0, L_0x2355bf0;
LS_0x2358ac0_0_4 .concat8 [ 16 16 16 16], L_0x23566f0, L_0x2357240, L_0x2357dd0, L_0x2358960;
L_0x2358ac0 .concat8 [ 64 64 0 0], LS_0x2358ac0_0_0, LS_0x2358ac0_0_4;
S_0x22cae50 .scope generate, "genblk1[0]" "genblk1[0]" 4 44, 4 44 0, S_0x22c6400;
 .timescale -9 -12;
P_0x232f490 .param/l "i" 0 4 44, +C4<00>;
S_0x22cf8a0 .scope module, "r" "lc4_single_register" 4 45, 4 86 0, S_0x22cae50;
 .timescale -9 -12;
    .port_info 0 /INPUT 1 "clk";
    .port_info 1 /INPUT 1 "gwe";
    .port_info 2 /INPUT 1 "rst";
    .port_info 3 /INPUT 3 "register_number";
    .port_info 4 /INPUT 3 "i_rd_A";
    .port_info 5 /INPUT 16 "i_wdata_A";
    .port_info 6 /INPUT 1 "i_rd_we_A";
    .port_info 7 /INPUT 3 "i_rd_B";
    .port_info 8 /INPUT 16 "i_wdata_B";
    .port_info 9 /INPUT 1 "i_rd_we_B";
    .port_info 10 /OUTPUT 16 "read_data";
P_0x232f5c0 .param/l "n" 0 4 86, +C4<00000000000000000000000000010000>;
L_0x22c3dc0 .functor AND 1, L_0x23528e0, v0x2352840_0, C4<1>, C4<1>;
L_0x22bf370 .functor AND 1, L_0x23529d0, v0x23527a0_0, C4<1>, C4<1>;
L_0x22ba920 .functor AND 1, L_0x2352d90, v0x2352840_0, C4<1>, C4<1>;
L_0x22b5ba0 .functor AND 1, L_0x2352e80, v0x23527a0_0, C4<1>, C4<1>;
L_0x2312800 .functor OR 1, L_0x22ba920, L_0x22b5ba0, C4<0>, C4<0>;
v0x232fbe0_0 .net *"_ivl_0", 0 0, L_0x23528e0;  1 drivers
v0x232fcc0_0 .net *"_ivl_12", 15 0, L_0x2352b10;  1 drivers
v0x232fda0_0 .net *"_ivl_16", 0 0, L_0x2352d90;  1 drivers
v0x232fe40_0 .net *"_ivl_18", 0 0, L_0x22ba920;  1 drivers
v0x232ff20_0 .net *"_ivl_2", 0 0, L_0x22c3dc0;  1 drivers
v0x2330050_0 .net *"_ivl_20", 0 0, L_0x2352e80;  1 drivers
v0x2330110_0 .net *"_ivl_22", 0 0, L_0x22b5ba0;  1 drivers
v0x23301f0_0 .net *"_ivl_4", 0 0, L_0x23529d0;  1 drivers
v0x23302b0_0 .net *"_ivl_6", 0 0, L_0x22bf370;  1 drivers
L_0x7f76d54bd218 .functor BUFT 1, C4<0000000000000000>, C4<0>, C4<0>, C4<0>;
v0x2330390_0 .net *"_ivl_8", 15 0, L_0x7f76d54bd218;  1 drivers
v0x2330470_0 .net "clk", 0 0, v0x23513b0_0;  alias, 1 drivers
v0x2330510_0 .net "gwe", 0 0, v0x23518e0_0;  alias, 1 drivers
v0x23305e0_0 .net "i_rd_A", 2 0, v0x2351b40_0;  alias, 1 drivers
v0x2330680_0 .net "i_rd_B", 2 0, v0x2351c00_0;  alias, 1 drivers
v0x2330760_0 .net "i_rd_we_A", 0 0, v0x23527a0_0;  alias, 1 drivers
v0x2330820_0 .net "i_rd_we_B", 0 0, v0x2352840_0;  alias, 1 drivers
v0x23308e0_0 .net "i_wdata_A", 15 0, v0x2352620_0;  alias, 1 drivers
v0x23309c0_0 .net "i_wdata_B", 15 0, v0x23526e0_0;  alias, 1 drivers
v0x2330aa0_0 .net "in", 15 0, L_0x2352c00;  1 drivers
v0x2330b90_0 .net "read_data", 15 0, L_0x2312970;  1 drivers
L_0x7f76d54bc018 .functor BUFT 1, C4<000>, C4<0>, C4<0>, C4<0>;
v0x2330c60_0 .net "register_number", 2 0, L_0x7f76d54bc018;  1 drivers
v0x2330d20_0 .net "rst", 0 0, v0x2352060_0;  alias, 1 drivers
v0x2330df0_0 .net "we", 0 0, L_0x2312800;  1 drivers
L_0x23528e0 .cmp/eq 3, v0x2351c00_0, L_0x7f76d54bc018;
L_0x23529d0 .cmp/eq 3, v0x2351b40_0, L_0x7f76d54bc018;
L_0x2352b10 .functor MUXZ 16, L_0x7f76d54bd218, v0x2352620_0, L_0x22bf370, C4<>;
L_0x2352c00 .functor MUXZ 16, L_0x2352b10, v0x23526e0_0, L_0x22c3dc0, C4<>;
L_0x2352d90 .cmp/eq 3, v0x2351c00_0, L_0x7f76d54bc018;
L_0x2352e80 .cmp/eq 3, v0x2351b40_0, L_0x7f76d54bc018;
S_0x22d42f0 .scope module, "register" "Nbit_reg" 4 110, 5 14 0, S_0x22cf8a0;
 .timescale -9 -12;
    .port_info 0 /INPUT 16 "in";
    .port_info 1 /OUTPUT 16 "out";
    .port_info 2 /INPUT 1 "clk";
    .port_info 3 /INPUT 1 "we";
    .port_info 4 /INPUT 1 "gwe";
    .port_info 5 /INPUT 1 "rst";
P_0x22c3d30 .param/l "n" 0 5 14, +C4<00000000000000000000000000010000>;
P_0x22c3d70 .param/l "r" 0 5 14, +C4<00000000000000000000000000000000>;
L_0x2312970/d .functor BUFZ 16, v0x232f980_0, C4<0000000000000000>, C4<0000000000000000>, C4<0000000000000000>;
L_0x2312970 .delay 16 (1000,1000,1000) L_0x2312970/d;
v0x22c3e70_0 .net "clk", 0 0, v0x23513b0_0;  alias, 1 drivers
v0x22bf420_0 .net "gwe", 0 0, v0x23518e0_0;  alias, 1 drivers
v0x22ba9d0_0 .net "in", 15 0, L_0x2352c00;  alias, 1 drivers
v0x22b5c50_0 .net "out", 15 0, L_0x2312970;  alias, 1 drivers
v0x232f870_0 .net "rst", 0 0, v0x2352060_0;  alias, 1 drivers
v0x232f980_0 .var "state", 15 0;
v0x232fa60_0 .net "we", 0 0, L_0x2312800;  alias, 1 drivers
E_0x228d310 .event posedge, v0x22c3e70_0;
S_0x2331040 .scope generate, "genblk1[1]" "genblk1[1]" 4 44, 4 44 0, S_0x22c6400;
 .timescale -9 -12;
P_0x2331210 .param/l "i" 0 4 44, +C4<01>;
S_0x23312d0 .scope module, "r" "lc4_single_register" 4 45, 4 86 0, S_0x2331040;
 .timescale -9 -12;
    .port_info 0 /INPUT 1 "clk";
    .port_info 1 /INPUT 1 "gwe";
    .port_info 2 /INPUT 1 "rst";
    .port_info 3 /INPUT 3 "register_number";
    .port_info 4 /INPUT 3 "i_rd_A";
    .port_info 5 /INPUT 16 "i_wdata_A";
    .port_info 6 /INPUT 1 "i_rd_we_A";
    .port_info 7 /INPUT 3 "i_rd_B";
    .port_info 8 /INPUT 16 "i_wdata_B";
    .port_info 9 /INPUT 1 "i_rd_we_B";
    .port_info 10 /OUTPUT 16 "read_data";
P_0x23314b0 .param/l "n" 0 4 86, +C4<00000000000000000000000000010000>;
L_0x23129e0 .functor AND 1, L_0x2353140, v0x2352840_0, C4<1>, C4<1>;
L_0x2353950 .functor AND 1, L_0x2353650, v0x23527a0_0, C4<1>, C4<1>;
L_0x2353f40 .functor AND 1, L_0x2353ea0, v0x2352840_0, C4<1>, C4<1>;
L_0x23540e0 .functor AND 1, L_0x2354000, v0x23527a0_0, C4<1>, C4<1>;
L_0x2354150 .functor OR 1, L_0x2353f40, L_0x23540e0, C4<0>, C4<0>;
v0x2332170_0 .net *"_ivl_0", 0 0, L_0x2353140;  1 drivers
v0x2332250_0 .net *"_ivl_12", 15 0, L_0x2353c20;  1 drivers
v0x2332330_0 .net *"_ivl_16", 0 0, L_0x2353ea0;  1 drivers
v0x23323d0_0 .net *"_ivl_18", 0 0, L_0x2353f40;  1 drivers
v0x23324b0_0 .net *"_ivl_2", 0 0, L_0x23129e0;  1 drivers
v0x23325e0_0 .net *"_ivl_20", 0 0, L_0x2354000;  1 drivers
v0x23326a0_0 .net *"_ivl_22", 0 0, L_0x23540e0;  1 drivers
v0x2332780_0 .net *"_ivl_4", 0 0, L_0x2353650;  1 drivers
v0x2332840_0 .net *"_ivl_6", 0 0, L_0x2353950;  1 drivers
L_0x7f76d54bd260 .functor BUFT 1, C4<0000000000000001>, C4<0>, C4<0>, C4<0>;
v0x2332920_0 .net *"_ivl_8", 15 0, L_0x7f76d54bd260;  1 drivers
v0x2332a00_0 .net "clk", 0 0, v0x23513b0_0;  alias, 1 drivers
v0x2332aa0_0 .net "gwe", 0 0, v0x23518e0_0;  alias, 1 drivers
v0x2332b40_0 .net "i_rd_A", 2 0, v0x2351b40_0;  alias, 1 drivers
v0x2332c00_0 .net "i_rd_B", 2 0, v0x2351c00_0;  alias, 1 drivers
v0x2332ca0_0 .net "i_rd_we_A", 0 0, v0x23527a0_0;  alias, 1 drivers
v0x2332d40_0 .net "i_rd_we_B", 0 0, v0x2352840_0;  alias, 1 drivers
v0x2332e10_0 .net "i_wdata_A", 15 0, v0x2352620_0;  alias, 1 drivers
v0x2332ff0_0 .net "i_wdata_B", 15 0, v0x23526e0_0;  alias, 1 drivers
v0x23330c0_0 .net "in", 15 0, L_0x2353d10;  1 drivers
v0x2333190_0 .net "read_data", 15 0, L_0x23542b0;  1 drivers
L_0x7f76d54bc060 .functor BUFT 1, C4<001>, C4<0>, C4<0>, C4<0>;
v0x2333260_0 .net "register_number", 2 0, L_0x7f76d54bc060;  1 drivers
v0x2333300_0 .net "rst", 0 0, v0x2352060_0;  alias, 1 drivers
v0x23333a0_0 .net "we", 0 0, L_0x2354150;  1 drivers
L_0x2353140 .cmp/eq 3, v0x2351c00_0, L_0x7f76d54bc060;
L_0x2353650 .cmp/eq 3, v0x2351b40_0, L_0x7f76d54bc060;
L_0x2353c20 .functor MUXZ 16, L_0x7f76d54bd260, v0x2352620_0, L_0x2353950, C4<>;
L_0x2353d10 .functor MUXZ 16, L_0x2353c20, v0x23526e0_0, L_0x23129e0, C4<>;
L_0x2353ea0 .cmp/eq 3, v0x2351c00_0, L_0x7f76d54bc060;
L_0x2354000 .cmp/eq 3, v0x2351b40_0, L_0x7f76d54bc060;
S_0x2331690 .scope module, "register" "Nbit_reg" 4 110, 5 14 0, S_0x23312d0;
 .timescale -9 -12;
    .port_info 0 /INPUT 16 "in";
    .port_info 1 /OUTPUT 16 "out";
    .port_info 2 /INPUT 1 "clk";
    .port_info 3 /INPUT 1 "we";
    .port_info 4 /INPUT 1 "gwe";
    .port_info 5 /INPUT 1 "rst";
P_0x22bf2e0 .param/l "n" 0 5 14, +C4<00000000000000000000000000010000>;
P_0x22bf320 .param/l "r" 0 5 14, +C4<00000000000000000000000000000000>;
L_0x23542b0/d .functor BUFZ 16, v0x2331f10_0, C4<0000000000000000>, C4<0000000000000000>, C4<0000000000000000>;
L_0x23542b0 .delay 16 (1000,1000,1000) L_0x23542b0/d;
v0x2331a30_0 .net "clk", 0 0, v0x23513b0_0;  alias, 1 drivers
v0x2331b40_0 .net "gwe", 0 0, v0x23518e0_0;  alias, 1 drivers
v0x2331c50_0 .net "in", 15 0, L_0x2353d10;  alias, 1 drivers
v0x2331cf0_0 .net "out", 15 0, L_0x23542b0;  alias, 1 drivers
v0x2331dd0_0 .net "rst", 0 0, v0x2352060_0;  alias, 1 drivers
v0x2331f10_0 .var "state", 15 0;
v0x2331ff0_0 .net "we", 0 0, L_0x2354150;  alias, 1 drivers
S_0x23335f0 .scope generate, "genblk1[2]" "genblk1[2]" 4 44, 4 44 0, S_0x22c6400;
 .timescale -9 -12;
P_0x23337d0 .param/l "i" 0 4 44, +C4<010>;
S_0x2333890 .scope module, "r" "lc4_single_register" 4 45, 4 86 0, S_0x23335f0;
 .timescale -9 -12;
    .port_info 0 /INPUT 1 "clk";
    .port_info 1 /INPUT 1 "gwe";
    .port_info 2 /INPUT 1 "rst";
    .port_info 3 /INPUT 3 "register_number";
    .port_info 4 /INPUT 3 "i_rd_A";
    .port_info 5 /INPUT 16 "i_wdata_A";
    .port_info 6 /INPUT 1 "i_rd_we_A";
    .port_info 7 /INPUT 3 "i_rd_B";
    .port_info 8 /INPUT 16 "i_wdata_B";
    .port_info 9 /INPUT 1 "i_rd_we_B";
    .port_info 10 /OUTPUT 16 "read_data";
P_0x2333a70 .param/l "n" 0 4 86, +C4<00000000000000000000000000010000>;
L_0x23544b0 .functor AND 1, L_0x2354410, v0x2352840_0, C4<1>, C4<1>;
L_0x2354660 .functor AND 1, L_0x2354570, v0x23527a0_0, C4<1>, C4<1>;
L_0x2345380 .functor AND 1, L_0x23452e0, v0x2352840_0, C4<1>, C4<1>;
L_0x2354ef0 .functor AND 1, L_0x2354e10, v0x23527a0_0, C4<1>, C4<1>;
L_0x2354f60 .functor OR 1, L_0x2345380, L_0x2354ef0, C4<0>, C4<0>;
v0x2334620_0 .net *"_ivl_0", 0 0, L_0x2354410;  1 drivers
v0x2334700_0 .net *"_ivl_12", 15 0, L_0x2354720;  1 drivers
v0x23347e0_0 .net *"_ivl_16", 0 0, L_0x23452e0;  1 drivers
v0x2334880_0 .net *"_ivl_18", 0 0, L_0x2345380;  1 drivers
v0x2334960_0 .net *"_ivl_2", 0 0, L_0x23544b0;  1 drivers
v0x2334a40_0 .net *"_ivl_20", 0 0, L_0x2354e10;  1 drivers
v0x2334b00_0 .net *"_ivl_22", 0 0, L_0x2354ef0;  1 drivers
v0x2334be0_0 .net *"_ivl_4", 0 0, L_0x2354570;  1 drivers
v0x2334ca0_0 .net *"_ivl_6", 0 0, L_0x2354660;  1 drivers
L_0x7f76d54bd2a8 .functor BUFT 1, C4<0000000000000010>, C4<0>, C4<0>, C4<0>;
v0x2334e10_0 .net *"_ivl_8", 15 0, L_0x7f76d54bd2a8;  1 drivers
v0x2334ef0_0 .net "clk", 0 0, v0x23513b0_0;  alias, 1 drivers
v0x2334f90_0 .net "gwe", 0 0, v0x23518e0_0;  alias, 1 drivers
v0x2335030_0 .net "i_rd_A", 2 0, v0x2351b40_0;  alias, 1 drivers
v0x23350f0_0 .net "i_rd_B", 2 0, v0x2351c00_0;  alias, 1 drivers
v0x23351b0_0 .net "i_rd_we_A", 0 0, v0x23527a0_0;  alias, 1 drivers
v0x23352a0_0 .net "i_rd_we_B", 0 0, v0x2352840_0;  alias, 1 drivers
v0x2335390_0 .net "i_wdata_A", 15 0, v0x2352620_0;  alias, 1 drivers
v0x23355b0_0 .net "i_wdata_B", 15 0, v0x23526e0_0;  alias, 1 drivers
v0x23356c0_0 .net "in", 15 0, L_0x2354a20;  1 drivers
v0x2335780_0 .net "read_data", 15 0, L_0x23550c0;  1 drivers
L_0x7f76d54bc0a8 .functor BUFT 1, C4<010>, C4<0>, C4<0>, C4<0>;
v0x2335820_0 .net "register_number", 2 0, L_0x7f76d54bc0a8;  1 drivers
v0x23358e0_0 .net "rst", 0 0, v0x2352060_0;  alias, 1 drivers
v0x2335980_0 .net "we", 0 0, L_0x2354f60;  1 drivers
L_0x2354410 .cmp/eq 3, v0x2351c00_0, L_0x7f76d54bc0a8;
L_0x2354570 .cmp/eq 3, v0x2351b40_0, L_0x7f76d54bc0a8;
L_0x2354720 .functor MUXZ 16, L_0x7f76d54bd2a8, v0x2352620_0, L_0x2354660, C4<>;
L_0x2354a20 .functor MUXZ 16, L_0x2354720, v0x23526e0_0, L_0x23544b0, C4<>;
L_0x23452e0 .cmp/eq 3, v0x2351c00_0, L_0x7f76d54bc0a8;
L_0x2354e10 .cmp/eq 3, v0x2351b40_0, L_0x7f76d54bc0a8;
S_0x2333c50 .scope module, "register" "Nbit_reg" 4 110, 5 14 0, S_0x2333890;
 .timescale -9 -12;
    .port_info 0 /INPUT 16 "in";
    .port_info 1 /OUTPUT 16 "out";
    .port_info 2 /INPUT 1 "clk";
    .port_info 3 /INPUT 1 "we";
    .port_info 4 /INPUT 1 "gwe";
    .port_info 5 /INPUT 1 "rst";
P_0x22ba890 .param/l "n" 0 5 14, +C4<00000000000000000000000000010000>;
P_0x22ba8d0 .param/l "r" 0 5 14, +C4<00000000000000000000000000000000>;
L_0x23550c0/d .functor BUFZ 16, v0x23343c0_0, C4<0000000000000000>, C4<0000000000000000>, C4<0000000000000000>;
L_0x23550c0 .delay 16 (1000,1000,1000) L_0x23550c0/d;
v0x2333ff0_0 .net "clk", 0 0, v0x23513b0_0;  alias, 1 drivers
v0x23340b0_0 .net "gwe", 0 0, v0x23518e0_0;  alias, 1 drivers
v0x2334170_0 .net "in", 15 0, L_0x2354a20;  alias, 1 drivers
v0x2334240_0 .net "out", 15 0, L_0x23550c0;  alias, 1 drivers
v0x2334320_0 .net "rst", 0 0, v0x2352060_0;  alias, 1 drivers
v0x23343c0_0 .var "state", 15 0;
v0x23344a0_0 .net "we", 0 0, L_0x2354f60;  alias, 1 drivers
S_0x2335bc0 .scope generate, "genblk1[3]" "genblk1[3]" 4 44, 4 44 0, S_0x22c6400;
 .timescale -9 -12;
P_0x2335dc0 .param/l "i" 0 4 44, +C4<011>;
S_0x2335ea0 .scope module, "r" "lc4_single_register" 4 45, 4 86 0, S_0x2335bc0;
 .timescale -9 -12;
    .port_info 0 /INPUT 1 "clk";
    .port_info 1 /INPUT 1 "gwe";
    .port_info 2 /INPUT 1 "rst";
    .port_info 3 /INPUT 3 "register_number";
    .port_info 4 /INPUT 3 "i_rd_A";
    .port_info 5 /INPUT 16 "i_wdata_A";
    .port_info 6 /INPUT 1 "i_rd_we_A";
    .port_info 7 /INPUT 3 "i_rd_B";
    .port_info 8 /INPUT 16 "i_wdata_B";
    .port_info 9 /INPUT 1 "i_rd_we_B";
    .port_info 10 /OUTPUT 16 "read_data";
P_0x2336080 .param/l "n" 0 4 86, +C4<00000000000000000000000000010000>;
L_0x23552c0 .functor AND 1, L_0x2355220, v0x2352840_0, C4<1>, C4<1>;
L_0x2355470 .functor AND 1, L_0x2355380, v0x23527a0_0, C4<1>, C4<1>;
L_0x2355850 .functor AND 1, L_0x23557b0, v0x2352840_0, C4<1>, C4<1>;
L_0x23559f0 .functor AND 1, L_0x2355910, v0x23527a0_0, C4<1>, C4<1>;
L_0x2355a90 .functor OR 1, L_0x2355850, L_0x23559f0, C4<0>, C4<0>;
v0x2336c50_0 .net *"_ivl_0", 0 0, L_0x2355220;  1 drivers
v0x2336d30_0 .net *"_ivl_12", 15 0, L_0x2355530;  1 drivers
v0x2336e10_0 .net *"_ivl_16", 0 0, L_0x23557b0;  1 drivers
v0x2336eb0_0 .net *"_ivl_18", 0 0, L_0x2355850;  1 drivers
v0x2336f90_0 .net *"_ivl_2", 0 0, L_0x23552c0;  1 drivers
v0x23370c0_0 .net *"_ivl_20", 0 0, L_0x2355910;  1 drivers
v0x2337180_0 .net *"_ivl_22", 0 0, L_0x23559f0;  1 drivers
v0x2337260_0 .net *"_ivl_4", 0 0, L_0x2355380;  1 drivers
v0x2337320_0 .net *"_ivl_6", 0 0, L_0x2355470;  1 drivers
L_0x7f76d54bd2f0 .functor BUFT 1, C4<0000000000000011>, C4<0>, C4<0>, C4<0>;
v0x2337400_0 .net *"_ivl_8", 15 0, L_0x7f76d54bd2f0;  1 drivers
v0x23374e0_0 .net "clk", 0 0, v0x23513b0_0;  alias, 1 drivers
v0x2337580_0 .net "gwe", 0 0, v0x23518e0_0;  alias, 1 drivers
v0x2337620_0 .net "i_rd_A", 2 0, v0x2351b40_0;  alias, 1 drivers
v0x23376e0_0 .net "i_rd_B", 2 0, v0x2351c00_0;  alias, 1 drivers
v0x23377a0_0 .net "i_rd_we_A", 0 0, v0x23527a0_0;  alias, 1 drivers
v0x2337840_0 .net "i_rd_we_B", 0 0, v0x2352840_0;  alias, 1 drivers
v0x23378e0_0 .net "i_wdata_A", 15 0, v0x2352620_0;  alias, 1 drivers
v0x2337ab0_0 .net "i_wdata_B", 15 0, v0x23526e0_0;  alias, 1 drivers
v0x2337b70_0 .net "in", 15 0, L_0x2355620;  1 drivers
v0x2337c30_0 .net "read_data", 15 0, L_0x2355bf0;  1 drivers
L_0x7f76d54bc0f0 .functor BUFT 1, C4<011>, C4<0>, C4<0>, C4<0>;
v0x2337d00_0 .net "register_number", 2 0, L_0x7f76d54bc0f0;  1 drivers
v0x2337dc0_0 .net "rst", 0 0, v0x2352060_0;  alias, 1 drivers
v0x2337e60_0 .net "we", 0 0, L_0x2355a90;  1 drivers
L_0x2355220 .cmp/eq 3, v0x2351c00_0, L_0x7f76d54bc0f0;
L_0x2355380 .cmp/eq 3, v0x2351b40_0, L_0x7f76d54bc0f0;
L_0x2355530 .functor MUXZ 16, L_0x7f76d54bd2f0, v0x2352620_0, L_0x2355470, C4<>;
L_0x2355620 .functor MUXZ 16, L_0x2355530, v0x23526e0_0, L_0x23552c0, C4<>;
L_0x23557b0 .cmp/eq 3, v0x2351c00_0, L_0x7f76d54bc0f0;
L_0x2355910 .cmp/eq 3, v0x2351b40_0, L_0x7f76d54bc0f0;
S_0x2336230 .scope module, "register" "Nbit_reg" 4 110, 5 14 0, S_0x2335ea0;
 .timescale -9 -12;
    .port_info 0 /INPUT 16 "in";
    .port_info 1 /OUTPUT 16 "out";
    .port_info 2 /INPUT 1 "clk";
    .port_info 3 /INPUT 1 "we";
    .port_info 4 /INPUT 1 "gwe";
    .port_info 5 /INPUT 1 "rst";
P_0x2334d40 .param/l "n" 0 5 14, +C4<00000000000000000000000000010000>;
P_0x2334d80 .param/l "r" 0 5 14, +C4<00000000000000000000000000000000>;
L_0x2355bf0/d .functor BUFZ 16, v0x23369f0_0, C4<0000000000000000>, C4<0000000000000000>, C4<0000000000000000>;
L_0x2355bf0 .delay 16 (1000,1000,1000) L_0x2355bf0/d;
v0x2336600_0 .net "clk", 0 0, v0x23513b0_0;  alias, 1 drivers
v0x23366c0_0 .net "gwe", 0 0, v0x23518e0_0;  alias, 1 drivers
v0x2336780_0 .net "in", 15 0, L_0x2355620;  alias, 1 drivers
v0x2336820_0 .net "out", 15 0, L_0x2355bf0;  alias, 1 drivers
v0x2336900_0 .net "rst", 0 0, v0x2352060_0;  alias, 1 drivers
v0x23369f0_0 .var "state", 15 0;
v0x2336ad0_0 .net "we", 0 0, L_0x2355a90;  alias, 1 drivers
S_0x23380d0 .scope generate, "genblk1[4]" "genblk1[4]" 4 44, 4 44 0, S_0x22c6400;
 .timescale -9 -12;
P_0x23382d0 .param/l "i" 0 4 44, +C4<0100>;
S_0x23383b0 .scope module, "r" "lc4_single_register" 4 45, 4 86 0, S_0x23380d0;
 .timescale -9 -12;
    .port_info 0 /INPUT 1 "clk";
    .port_info 1 /INPUT 1 "gwe";
    .port_info 2 /INPUT 1 "rst";
    .port_info 3 /INPUT 3 "register_number";
    .port_info 4 /INPUT 3 "i_rd_A";
    .port_info 5 /INPUT 16 "i_wdata_A";
    .port_info 6 /INPUT 1 "i_rd_we_A";
    .port_info 7 /INPUT 3 "i_rd_B";
    .port_info 8 /INPUT 16 "i_wdata_B";
    .port_info 9 /INPUT 1 "i_rd_we_B";
    .port_info 10 /OUTPUT 16 "read_data";
P_0x2338590 .param/l "n" 0 4 86, +C4<00000000000000000000000000010000>;
L_0x2355df0 .functor AND 1, L_0x2355d50, v0x2352840_0, C4<1>, C4<1>;
L_0x2355fa0 .functor AND 1, L_0x2355eb0, v0x23527a0_0, C4<1>, C4<1>;
L_0x2356380 .functor AND 1, L_0x23562e0, v0x2352840_0, C4<1>, C4<1>;
L_0x2356520 .functor AND 1, L_0x2356440, v0x23527a0_0, C4<1>, C4<1>;
L_0x2356590 .functor OR 1, L_0x2356380, L_0x2356520, C4<0>, C4<0>;
v0x2339560_0 .net *"_ivl_0", 0 0, L_0x2355d50;  1 drivers
v0x2339640_0 .net *"_ivl_12", 15 0, L_0x2356060;  1 drivers
v0x2339720_0 .net *"_ivl_16", 0 0, L_0x23562e0;  1 drivers
v0x23397c0_0 .net *"_ivl_18", 0 0, L_0x2356380;  1 drivers
v0x23398a0_0 .net *"_ivl_2", 0 0, L_0x2355df0;  1 drivers
v0x23399d0_0 .net *"_ivl_20", 0 0, L_0x2356440;  1 drivers
v0x2339a90_0 .net *"_ivl_22", 0 0, L_0x2356520;  1 drivers
v0x2339b70_0 .net *"_ivl_4", 0 0, L_0x2355eb0;  1 drivers
v0x2339c30_0 .net *"_ivl_6", 0 0, L_0x2355fa0;  1 drivers
L_0x7f76d54bd338 .functor BUFT 1, C4<0000000000000100>, C4<0>, C4<0>, C4<0>;
v0x2339d10_0 .net *"_ivl_8", 15 0, L_0x7f76d54bd338;  1 drivers
v0x2339df0_0 .net "clk", 0 0, v0x23513b0_0;  alias, 1 drivers
v0x2339e90_0 .net "gwe", 0 0, v0x23518e0_0;  alias, 1 drivers
v0x2339f30_0 .net "i_rd_A", 2 0, v0x2351b40_0;  alias, 1 drivers
v0x2339ff0_0 .net "i_rd_B", 2 0, v0x2351c00_0;  alias, 1 drivers
v0x233a0b0_0 .net "i_rd_we_A", 0 0, v0x23527a0_0;  alias, 1 drivers
v0x233a150_0 .net "i_rd_we_B", 0 0, v0x2352840_0;  alias, 1 drivers
v0x233a280_0 .net "i_wdata_A", 15 0, v0x2352620_0;  alias, 1 drivers
v0x233a450_0 .net "i_wdata_B", 15 0, v0x23526e0_0;  alias, 1 drivers
v0x233a5a0_0 .net "in", 15 0, L_0x2356150;  1 drivers
v0x233a660_0 .net "read_data", 15 0, L_0x23566f0;  1 drivers
L_0x7f76d54bc138 .functor BUFT 1, C4<100>, C4<0>, C4<0>, C4<0>;
v0x233a730_0 .net "register_number", 2 0, L_0x7f76d54bc138;  1 drivers
v0x233a7f0_0 .net "rst", 0 0, v0x2352060_0;  alias, 1 drivers
v0x233a890_0 .net "we", 0 0, L_0x2356590;  1 drivers
L_0x2355d50 .cmp/eq 3, v0x2351c00_0, L_0x7f76d54bc138;
L_0x2355eb0 .cmp/eq 3, v0x2351b40_0, L_0x7f76d54bc138;
L_0x2356060 .functor MUXZ 16, L_0x7f76d54bd338, v0x2352620_0, L_0x2355fa0, C4<>;
L_0x2356150 .functor MUXZ 16, L_0x2356060, v0x23526e0_0, L_0x2355df0, C4<>;
L_0x23562e0 .cmp/eq 3, v0x2351c00_0, L_0x7f76d54bc138;
L_0x2356440 .cmp/eq 3, v0x2351b40_0, L_0x7f76d54bc138;
S_0x2338740 .scope module, "register" "Nbit_reg" 4 110, 5 14 0, S_0x23383b0;
 .timescale -9 -12;
    .port_info 0 /INPUT 16 "in";
    .port_info 1 /OUTPUT 16 "out";
    .port_info 2 /INPUT 1 "clk";
    .port_info 3 /INPUT 1 "we";
    .port_info 4 /INPUT 1 "gwe";
    .port_info 5 /INPUT 1 "rst";
P_0x2336480 .param/l "n" 0 5 14, +C4<00000000000000000000000000010000>;
P_0x23364c0 .param/l "r" 0 5 14, +C4<00000000000000000000000000000000>;
L_0x23566f0/d .functor BUFZ 16, v0x23392c0_0, C4<0000000000000000>, C4<0000000000000000>, C4<0000000000000000>;
L_0x23566f0 .delay 16 (1000,1000,1000) L_0x23566f0/d;
v0x2338b70_0 .net "clk", 0 0, v0x23513b0_0;  alias, 1 drivers
v0x2338d40_0 .net "gwe", 0 0, v0x23518e0_0;  alias, 1 drivers
v0x2338f10_0 .net "in", 15 0, L_0x2356150;  alias, 1 drivers
v0x2338fe0_0 .net "out", 15 0, L_0x23566f0;  alias, 1 drivers
v0x23390c0_0 .net "rst", 0 0, v0x2352060_0;  alias, 1 drivers
v0x23392c0_0 .var "state", 15 0;
v0x23393a0_0 .net "we", 0 0, L_0x2356590;  alias, 1 drivers
S_0x233ab00 .scope generate, "genblk1[5]" "genblk1[5]" 4 44, 4 44 0, S_0x22c6400;
 .timescale -9 -12;
P_0x2335560 .param/l "i" 0 4 44, +C4<0101>;
S_0x233ad40 .scope module, "r" "lc4_single_register" 4 45, 4 86 0, S_0x233ab00;
 .timescale -9 -12;
    .port_info 0 /INPUT 1 "clk";
    .port_info 1 /INPUT 1 "gwe";
    .port_info 2 /INPUT 1 "rst";
    .port_info 3 /INPUT 3 "register_number";
    .port_info 4 /INPUT 3 "i_rd_A";
    .port_info 5 /INPUT 16 "i_wdata_A";
    .port_info 6 /INPUT 1 "i_rd_we_A";
    .port_info 7 /INPUT 3 "i_rd_B";
    .port_info 8 /INPUT 16 "i_wdata_B";
    .port_info 9 /INPUT 1 "i_rd_we_B";
    .port_info 10 /OUTPUT 16 "read_data";
P_0x2335250 .param/l "n" 0 4 86, +C4<00000000000000000000000000010000>;
L_0x2356940 .functor AND 1, L_0x23568a0, v0x2352840_0, C4<1>, C4<1>;
L_0x2356af0 .functor AND 1, L_0x2356a00, v0x23527a0_0, C4<1>, C4<1>;
L_0x2356ed0 .functor AND 1, L_0x2356e30, v0x2352840_0, C4<1>, C4<1>;
L_0x2357070 .functor AND 1, L_0x2356f90, v0x23527a0_0, C4<1>, C4<1>;
L_0x23570e0 .functor OR 1, L_0x2356ed0, L_0x2357070, C4<0>, C4<0>;
v0x233bb40_0 .net *"_ivl_0", 0 0, L_0x23568a0;  1 drivers
v0x233bc20_0 .net *"_ivl_12", 15 0, L_0x2356bb0;  1 drivers
v0x233bd00_0 .net *"_ivl_16", 0 0, L_0x2356e30;  1 drivers
v0x233bda0_0 .net *"_ivl_18", 0 0, L_0x2356ed0;  1 drivers
v0x233be80_0 .net *"_ivl_2", 0 0, L_0x2356940;  1 drivers
v0x233bf60_0 .net *"_ivl_20", 0 0, L_0x2356f90;  1 drivers
v0x233c020_0 .net *"_ivl_22", 0 0, L_0x2357070;  1 drivers
v0x233c100_0 .net *"_ivl_4", 0 0, L_0x2356a00;  1 drivers
v0x233c1c0_0 .net *"_ivl_6", 0 0, L_0x2356af0;  1 drivers
L_0x7f76d54bd380 .functor BUFT 1, C4<0000000000000101>, C4<0>, C4<0>, C4<0>;
v0x233c2a0_0 .net *"_ivl_8", 15 0, L_0x7f76d54bd380;  1 drivers
v0x233c380_0 .net "clk", 0 0, v0x23513b0_0;  alias, 1 drivers
v0x233c420_0 .net "gwe", 0 0, v0x23518e0_0;  alias, 1 drivers
v0x233c4c0_0 .net "i_rd_A", 2 0, v0x2351b40_0;  alias, 1 drivers
v0x233c580_0 .net "i_rd_B", 2 0, v0x2351c00_0;  alias, 1 drivers
v0x233c640_0 .net "i_rd_we_A", 0 0, v0x23527a0_0;  alias, 1 drivers
v0x233c6e0_0 .net "i_rd_we_B", 0 0, v0x2352840_0;  alias, 1 drivers
v0x233c780_0 .net "i_wdata_A", 15 0, v0x2352620_0;  alias, 1 drivers
v0x233c950_0 .net "i_wdata_B", 15 0, v0x23526e0_0;  alias, 1 drivers
v0x233ca10_0 .net "in", 15 0, L_0x2356ca0;  1 drivers
v0x233cad0_0 .net "read_data", 15 0, L_0x2357240;  1 drivers
L_0x7f76d54bc180 .functor BUFT 1, C4<101>, C4<0>, C4<0>, C4<0>;
v0x233cba0_0 .net "register_number", 2 0, L_0x7f76d54bc180;  1 drivers
v0x233cc60_0 .net "rst", 0 0, v0x2352060_0;  alias, 1 drivers
v0x233cd00_0 .net "we", 0 0, L_0x23570e0;  1 drivers
L_0x23568a0 .cmp/eq 3, v0x2351c00_0, L_0x7f76d54bc180;
L_0x2356a00 .cmp/eq 3, v0x2351b40_0, L_0x7f76d54bc180;
L_0x2356bb0 .functor MUXZ 16, L_0x7f76d54bd380, v0x2352620_0, L_0x2356af0, C4<>;
L_0x2356ca0 .functor MUXZ 16, L_0x2356bb0, v0x23526e0_0, L_0x2356940, C4<>;
L_0x2356e30 .cmp/eq 3, v0x2351c00_0, L_0x7f76d54bc180;
L_0x2356f90 .cmp/eq 3, v0x2351b40_0, L_0x7f76d54bc180;
S_0x233b0f0 .scope module, "register" "Nbit_reg" 4 110, 5 14 0, S_0x233ad40;
 .timescale -9 -12;
    .port_info 0 /INPUT 16 "in";
    .port_info 1 /OUTPUT 16 "out";
    .port_info 2 /INPUT 1 "clk";
    .port_info 3 /INPUT 1 "we";
    .port_info 4 /INPUT 1 "gwe";
    .port_info 5 /INPUT 1 "rst";
P_0x233af20 .param/l "n" 0 5 14, +C4<00000000000000000000000000010000>;
P_0x233af60 .param/l "r" 0 5 14, +C4<00000000000000000000000000000000>;
L_0x2357240/d .functor BUFZ 16, v0x233b8a0_0, C4<0000000000000000>, C4<0000000000000000>, C4<0000000000000000>;
L_0x2357240 .delay 16 (1000,1000,1000) L_0x2357240/d;
v0x233b4d0_0 .net "clk", 0 0, v0x23513b0_0;  alias, 1 drivers
v0x233b590_0 .net "gwe", 0 0, v0x23518e0_0;  alias, 1 drivers
v0x233b650_0 .net "in", 15 0, L_0x2356ca0;  alias, 1 drivers
v0x233b720_0 .net "out", 15 0, L_0x2357240;  alias, 1 drivers
v0x233b800_0 .net "rst", 0 0, v0x2352060_0;  alias, 1 drivers
v0x233b8a0_0 .var "state", 15 0;
v0x233b980_0 .net "we", 0 0, L_0x23570e0;  alias, 1 drivers
S_0x233cf70 .scope generate, "genblk1[6]" "genblk1[6]" 4 44, 4 44 0, S_0x22c6400;
 .timescale -9 -12;
P_0x233d120 .param/l "i" 0 4 44, +C4<0110>;
S_0x233d200 .scope module, "r" "lc4_single_register" 4 45, 4 86 0, S_0x233cf70;
 .timescale -9 -12;
    .port_info 0 /INPUT 1 "clk";
    .port_info 1 /INPUT 1 "gwe";
    .port_info 2 /INPUT 1 "rst";
    .port_info 3 /INPUT 3 "register_number";
    .port_info 4 /INPUT 3 "i_rd_A";
    .port_info 5 /INPUT 16 "i_wdata_A";
    .port_info 6 /INPUT 1 "i_rd_we_A";
    .port_info 7 /INPUT 3 "i_rd_B";
    .port_info 8 /INPUT 16 "i_wdata_B";
    .port_info 9 /INPUT 1 "i_rd_we_B";
    .port_info 10 /OUTPUT 16 "read_data";
P_0x233d3e0 .param/l "n" 0 4 86, +C4<00000000000000000000000000010000>;
L_0x2357440 .functor AND 1, L_0x23573a0, v0x2352840_0, C4<1>, C4<1>;
L_0x23575f0 .functor AND 1, L_0x2357500, v0x23527a0_0, C4<1>, C4<1>;
L_0x23579d0 .functor AND 1, L_0x2357930, v0x2352840_0, C4<1>, C4<1>;
L_0x2357c00 .functor AND 1, L_0x2357a90, v0x23527a0_0, C4<1>, C4<1>;
L_0x2357c70 .functor OR 1, L_0x23579d0, L_0x2357c00, C4<0>, C4<0>;
v0x233e0b0_0 .net *"_ivl_0", 0 0, L_0x23573a0;  1 drivers
v0x233e190_0 .net *"_ivl_12", 15 0, L_0x23576b0;  1 drivers
v0x233e270_0 .net *"_ivl_16", 0 0, L_0x2357930;  1 drivers
v0x233e310_0 .net *"_ivl_18", 0 0, L_0x23579d0;  1 drivers
v0x233e3f0_0 .net *"_ivl_2", 0 0, L_0x2357440;  1 drivers
v0x233e520_0 .net *"_ivl_20", 0 0, L_0x2357a90;  1 drivers
v0x233e5e0_0 .net *"_ivl_22", 0 0, L_0x2357c00;  1 drivers
v0x233e6c0_0 .net *"_ivl_4", 0 0, L_0x2357500;  1 drivers
v0x233e780_0 .net *"_ivl_6", 0 0, L_0x23575f0;  1 drivers
L_0x7f76d54bd3c8 .functor BUFT 1, C4<0000000000000110>, C4<0>, C4<0>, C4<0>;
v0x233e860_0 .net *"_ivl_8", 15 0, L_0x7f76d54bd3c8;  1 drivers
v0x233e940_0 .net "clk", 0 0, v0x23513b0_0;  alias, 1 drivers
v0x233e9e0_0 .net "gwe", 0 0, v0x23518e0_0;  alias, 1 drivers
v0x233ea80_0 .net "i_rd_A", 2 0, v0x2351b40_0;  alias, 1 drivers
v0x233eb40_0 .net "i_rd_B", 2 0, v0x2351c00_0;  alias, 1 drivers
v0x233ec00_0 .net "i_rd_we_A", 0 0, v0x23527a0_0;  alias, 1 drivers
v0x233eca0_0 .net "i_rd_we_B", 0 0, v0x2352840_0;  alias, 1 drivers
v0x233ed40_0 .net "i_wdata_A", 15 0, v0x2352620_0;  alias, 1 drivers
v0x233ef10_0 .net "i_wdata_B", 15 0, v0x23526e0_0;  alias, 1 drivers
v0x233efd0_0 .net "in", 15 0, L_0x23577a0;  1 drivers
v0x233f090_0 .net "read_data", 15 0, L_0x2357dd0;  1 drivers
L_0x7f76d54bc1c8 .functor BUFT 1, C4<110>, C4<0>, C4<0>, C4<0>;
v0x233f160_0 .net "register_number", 2 0, L_0x7f76d54bc1c8;  1 drivers
v0x233f220_0 .net "rst", 0 0, v0x2352060_0;  alias, 1 drivers
v0x233f2c0_0 .net "we", 0 0, L_0x2357c70;  1 drivers
L_0x23573a0 .cmp/eq 3, v0x2351c00_0, L_0x7f76d54bc1c8;
L_0x2357500 .cmp/eq 3, v0x2351b40_0, L_0x7f76d54bc1c8;
L_0x23576b0 .functor MUXZ 16, L_0x7f76d54bd3c8, v0x2352620_0, L_0x23575f0, C4<>;
L_0x23577a0 .functor MUXZ 16, L_0x23576b0, v0x23526e0_0, L_0x2357440, C4<>;
L_0x2357930 .cmp/eq 3, v0x2351c00_0, L_0x7f76d54bc1c8;
L_0x2357a90 .cmp/eq 3, v0x2351b40_0, L_0x7f76d54bc1c8;
S_0x233d5c0 .scope module, "register" "Nbit_reg" 4 110, 5 14 0, S_0x233d200;
 .timescale -9 -12;
    .port_info 0 /INPUT 16 "in";
    .port_info 1 /OUTPUT 16 "out";
    .port_info 2 /INPUT 1 "clk";
    .port_info 3 /INPUT 1 "we";
    .port_info 4 /INPUT 1 "gwe";
    .port_info 5 /INPUT 1 "rst";
P_0x233b2f0 .param/l "n" 0 5 14, +C4<00000000000000000000000000010000>;
P_0x233b330 .param/l "r" 0 5 14, +C4<00000000000000000000000000000000>;
L_0x2357dd0/d .functor BUFZ 16, v0x233de10_0, C4<0000000000000000>, C4<0000000000000000>, C4<0000000000000000>;
L_0x2357dd0 .delay 16 (1000,1000,1000) L_0x2357dd0/d;
v0x233d9f0_0 .net "clk", 0 0, v0x23513b0_0;  alias, 1 drivers
v0x233dab0_0 .net "gwe", 0 0, v0x23518e0_0;  alias, 1 drivers
v0x233db70_0 .net "in", 15 0, L_0x23577a0;  alias, 1 drivers
v0x233dc40_0 .net "out", 15 0, L_0x2357dd0;  alias, 1 drivers
v0x233dd20_0 .net "rst", 0 0, v0x2352060_0;  alias, 1 drivers
v0x233de10_0 .var "state", 15 0;
v0x233def0_0 .net "we", 0 0, L_0x2357c70;  alias, 1 drivers
S_0x233f530 .scope generate, "genblk1[7]" "genblk1[7]" 4 44, 4 44 0, S_0x22c6400;
 .timescale -9 -12;
P_0x233f6e0 .param/l "i" 0 4 44, +C4<0111>;
S_0x233f7c0 .scope module, "r" "lc4_single_register" 4 45, 4 86 0, S_0x233f530;
 .timescale -9 -12;
    .port_info 0 /INPUT 1 "clk";
    .port_info 1 /INPUT 1 "gwe";
    .port_info 2 /INPUT 1 "rst";
    .port_info 3 /INPUT 3 "register_number";
    .port_info 4 /INPUT 3 "i_rd_A";
    .port_info 5 /INPUT 16 "i_wdata_A";
    .port_info 6 /INPUT 1 "i_rd_we_A";
    .port_info 7 /INPUT 3 "i_rd_B";
    .port_info 8 /INPUT 16 "i_wdata_B";
    .port_info 9 /INPUT 1 "i_rd_we_B";
    .port_info 10 /OUTPUT 16 "read_data";
P_0x233f9a0 .param/l "n" 0 4 86, +C4<00000000000000000000000000010000>;
L_0x2357fd0 .functor AND 1, L_0x2357f30, v0x2352840_0, C4<1>, C4<1>;
L_0x2358180 .functor AND 1, L_0x2358090, v0x23527a0_0, C4<1>, C4<1>;
L_0x2358560 .functor AND 1, L_0x23584c0, v0x2352840_0, C4<1>, C4<1>;
L_0x2358790 .functor AND 1, L_0x2358620, v0x23527a0_0, C4<1>, C4<1>;
L_0x2358800 .functor OR 1, L_0x2358560, L_0x2358790, C4<0>, C4<0>;
v0x2340670_0 .net *"_ivl_0", 0 0, L_0x2357f30;  1 drivers
v0x2340750_0 .net *"_ivl_12", 15 0, L_0x2358240;  1 drivers
v0x2340830_0 .net *"_ivl_16", 0 0, L_0x23584c0;  1 drivers
v0x23408d0_0 .net *"_ivl_18", 0 0, L_0x2358560;  1 drivers
v0x23409b0_0 .net *"_ivl_2", 0 0, L_0x2357fd0;  1 drivers
v0x2340ae0_0 .net *"_ivl_20", 0 0, L_0x2358620;  1 drivers
v0x2340ba0_0 .net *"_ivl_22", 0 0, L_0x2358790;  1 drivers
v0x2340c80_0 .net *"_ivl_4", 0 0, L_0x2358090;  1 drivers
v0x2340d40_0 .net *"_ivl_6", 0 0, L_0x2358180;  1 drivers
L_0x7f76d54bd410 .functor BUFT 1, C4<0000000000000111>, C4<0>, C4<0>, C4<0>;
v0x2340e20_0 .net *"_ivl_8", 15 0, L_0x7f76d54bd410;  1 drivers
v0x2340f00_0 .net "clk", 0 0, v0x23513b0_0;  alias, 1 drivers
v0x2340fa0_0 .net "gwe", 0 0, v0x23518e0_0;  alias, 1 drivers
v0x2341040_0 .net "i_rd_A", 2 0, v0x2351b40_0;  alias, 1 drivers
v0x2341100_0 .net "i_rd_B", 2 0, v0x2351c00_0;  alias, 1 drivers
v0x23411c0_0 .net "i_rd_we_A", 0 0, v0x23527a0_0;  alias, 1 drivers
v0x2341260_0 .net "i_rd_we_B", 0 0, v0x2352840_0;  alias, 1 drivers
v0x2341300_0 .net "i_wdata_A", 15 0, v0x2352620_0;  alias, 1 drivers
v0x23414d0_0 .net "i_wdata_B", 15 0, v0x23526e0_0;  alias, 1 drivers
v0x2341590_0 .net "in", 15 0, L_0x2358330;  1 drivers
v0x2341650_0 .net "read_data", 15 0, L_0x2358960;  1 drivers
L_0x7f76d54bc210 .functor BUFT 1, C4<111>, C4<0>, C4<0>, C4<0>;
v0x2341720_0 .net "register_number", 2 0, L_0x7f76d54bc210;  1 drivers
v0x23417e0_0 .net "rst", 0 0, v0x2352060_0;  alias, 1 drivers
v0x2341880_0 .net "we", 0 0, L_0x2358800;  1 drivers
L_0x2357f30 .cmp/eq 3, v0x2351c00_0, L_0x7f76d54bc210;
L_0x2358090 .cmp/eq 3, v0x2351b40_0, L_0x7f76d54bc210;
L_0x2358240 .functor MUXZ 16, L_0x7f76d54bd410, v0x2352620_0, L_0x2358180, C4<>;
L_0x2358330 .functor MUXZ 16, L_0x2358240, v0x23526e0_0, L_0x2357fd0, C4<>;
L_0x23584c0 .cmp/eq 3, v0x2351c00_0, L_0x7f76d54bc210;
L_0x2358620 .cmp/eq 3, v0x2351b40_0, L_0x7f76d54bc210;
S_0x233fb80 .scope module, "register" "Nbit_reg" 4 110, 5 14 0, S_0x233f7c0;
 .timescale -9 -12;
    .port_info 0 /INPUT 16 "in";
    .port_info 1 /OUTPUT 16 "out";
    .port_info 2 /INPUT 1 "clk";
    .port_info 3 /INPUT 1 "we";
    .port_info 4 /INPUT 1 "gwe";
    .port_info 5 /INPUT 1 "rst";
P_0x233d810 .param/l "n" 0 5 14, +C4<00000000000000000000000000010000>;
P_0x233d850 .param/l "r" 0 5 14, +C4<00000000000000000000000000000000>;
L_0x2358960/d .functor BUFZ 16, v0x23403d0_0, C4<0000000000000000>, C4<0000000000000000>, C4<0000000000000000>;
L_0x2358960 .delay 16 (1000,1000,1000) L_0x2358960/d;
v0x233ffb0_0 .net "clk", 0 0, v0x23513b0_0;  alias, 1 drivers
v0x2340070_0 .net "gwe", 0 0, v0x23518e0_0;  alias, 1 drivers
v0x2340130_0 .net "in", 15 0, L_0x2358330;  alias, 1 drivers
v0x2340200_0 .net "out", 15 0, L_0x2358960;  alias, 1 drivers
v0x23402e0_0 .net "rst", 0 0, v0x2352060_0;  alias, 1 drivers
v0x23403d0_0 .var "state", 15 0;
v0x23404b0_0 .net "we", 0 0, L_0x2358800;  alias, 1 drivers
S_0x2341af0 .scope module, "rsA" "lc4_register_fetch" 4 48, 4 55 0, S_0x22c6400;
 .timescale -9 -12;
    .port_info 0 /INPUT 3 "read_port";
    .port_info 1 /INPUT 3 "i_rd_A";
    .port_info 2 /INPUT 16 "i_wdata_A";
    .port_info 3 /INPUT 1 "i_rd_we_A";
    .port_info 4 /INPUT 3 "i_rd_B";
    .port_info 5 /INPUT 16 "i_wdata_B";
    .port_info 6 /INPUT 1 "i_rd_we_B";
    .port_info 7 /INPUT 128 "registers";
    .port_info 8 /OUTPUT 16 "read_data";
P_0x2338280 .param/l "n" 0 4 55, +C4<00000000000000000000000000010000>;
L_0x2369820 .functor AND 1, L_0x236b300, v0x2352840_0, C4<1>, C4<1>;
L_0x236b590 .functor AND 1, L_0x236b4f0, v0x23527a0_0, C4<1>, C4<1>;
v0x2341ec0_0 .net *"_ivl_0", 31 0, L_0x2358bb0;  1 drivers
v0x2341fc0_0 .net *"_ivl_10", 31 0, L_0x2368ed0;  1 drivers
L_0x7f76d54bc2e8 .functor BUFT 1, C4<00000000000000000000000000000>, C4<0>, C4<0>, C4<0>;
v0x23420a0_0 .net *"_ivl_13", 28 0, L_0x7f76d54bc2e8;  1 drivers
L_0x7f76d54bc330 .functor BUFT 1, C4<00000000000000000000000000000001>, C4<0>, C4<0>, C4<0>;
v0x2342190_0 .net/2u *"_ivl_14", 31 0, L_0x7f76d54bc330;  1 drivers
v0x2342270_0 .net *"_ivl_16", 0 0, L_0x2369000;  1 drivers
v0x2342380_0 .net *"_ivl_19", 15 0, L_0x2369140;  1 drivers
v0x2342460_0 .net *"_ivl_20", 31 0, L_0x2369220;  1 drivers
L_0x7f76d54bc378 .functor BUFT 1, C4<00000000000000000000000000000>, C4<0>, C4<0>, C4<0>;
v0x2342540_0 .net *"_ivl_23", 28 0, L_0x7f76d54bc378;  1 drivers
L_0x7f76d54bc3c0 .functor BUFT 1, C4<00000000000000000000000000000010>, C4<0>, C4<0>, C4<0>;
v0x2342620_0 .net/2u *"_ivl_24", 31 0, L_0x7f76d54bc3c0;  1 drivers
v0x2342700_0 .net *"_ivl_26", 0 0, L_0x2369310;  1 drivers
v0x23427c0_0 .net *"_ivl_29", 15 0, L_0x23694a0;  1 drivers
L_0x7f76d54bc258 .functor BUFT 1, C4<00000000000000000000000000000>, C4<0>, C4<0>, C4<0>;
v0x23428a0_0 .net *"_ivl_3", 28 0, L_0x7f76d54bc258;  1 drivers
v0x2342980_0 .net *"_ivl_30", 31 0, L_0x2369540;  1 drivers
L_0x7f76d54bc408 .functor BUFT 1, C4<00000000000000000000000000000>, C4<0>, C4<0>, C4<0>;
v0x2342a60_0 .net *"_ivl_33", 28 0, L_0x7f76d54bc408;  1 drivers
L_0x7f76d54bc450 .functor BUFT 1, C4<00000000000000000000000000000011>, C4<0>, C4<0>, C4<0>;
v0x2342b40_0 .net/2u *"_ivl_34", 31 0, L_0x7f76d54bc450;  1 drivers
v0x2342c20_0 .net *"_ivl_36", 0 0, L_0x2369640;  1 drivers
v0x2342ce0_0 .net *"_ivl_39", 15 0, L_0x2369780;  1 drivers
L_0x7f76d54bc2a0 .functor BUFT 1, C4<00000000000000000000000000000000>, C4<0>, C4<0>, C4<0>;
v0x2342ed0_0 .net/2u *"_ivl_4", 31 0, L_0x7f76d54bc2a0;  1 drivers
v0x2342fb0_0 .net *"_ivl_40", 31 0, L_0x2369890;  1 drivers
L_0x7f76d54bc498 .functor BUFT 1, C4<00000000000000000000000000000>, C4<0>, C4<0>, C4<0>;
v0x2343090_0 .net *"_ivl_43", 28 0, L_0x7f76d54bc498;  1 drivers
L_0x7f76d54bc4e0 .functor BUFT 1, C4<00000000000000000000000000000100>, C4<0>, C4<0>, C4<0>;
v0x2343170_0 .net/2u *"_ivl_44", 31 0, L_0x7f76d54bc4e0;  1 drivers
v0x2343250_0 .net *"_ivl_46", 0 0, L_0x23699b0;  1 drivers
v0x2343310_0 .net *"_ivl_49", 15 0, L_0x2369ba0;  1 drivers
v0x23433f0_0 .net *"_ivl_50", 31 0, L_0x2369c40;  1 drivers
L_0x7f76d54bc528 .functor BUFT 1, C4<00000000000000000000000000000>, C4<0>, C4<0>, C4<0>;
v0x23434d0_0 .net *"_ivl_53", 28 0, L_0x7f76d54bc528;  1 drivers
L_0x7f76d54bc570 .functor BUFT 1, C4<00000000000000000000000000000101>, C4<0>, C4<0>, C4<0>;
v0x23435b0_0 .net/2u *"_ivl_54", 31 0, L_0x7f76d54bc570;  1 drivers
v0x2343690_0 .net *"_ivl_56", 0 0, L_0x2369df0;  1 drivers
v0x2343750_0 .net *"_ivl_59", 15 0, L_0x2369f60;  1 drivers
v0x2343830_0 .net *"_ivl_6", 0 0, L_0x2368d40;  1 drivers
v0x23438f0_0 .net *"_ivl_60", 31 0, L_0x236a0a0;  1 drivers
L_0x7f76d54bc5b8 .functor BUFT 1, C4<00000000000000000000000000000>, C4<0>, C4<0>, C4<0>;
v0x23439d0_0 .net *"_ivl_63", 28 0, L_0x7f76d54bc5b8;  1 drivers
L_0x7f76d54bc600 .functor BUFT 1, C4<00000000000000000000000000000110>, C4<0>, C4<0>, C4<0>;
v0x2343ab0_0 .net/2u *"_ivl_64", 31 0, L_0x7f76d54bc600;  1 drivers
v0x2343b90_0 .net *"_ivl_66", 0 0, L_0x236a1c0;  1 drivers
v0x2343e60_0 .net *"_ivl_69", 15 0, L_0x236a000;  1 drivers
v0x2343f40_0 .net *"_ivl_71", 15 0, L_0x236a3e0;  1 drivers
v0x2344020_0 .net *"_ivl_72", 15 0, L_0x236a540;  1 drivers
v0x2344100_0 .net *"_ivl_74", 15 0, L_0x236a700;  1 drivers
v0x23441e0_0 .net *"_ivl_76", 15 0, L_0x236a960;  1 drivers
v0x23442c0_0 .net *"_ivl_78", 15 0, L_0x236aaf0;  1 drivers
v0x23443a0_0 .net *"_ivl_80", 15 0, L_0x236ad60;  1 drivers
v0x2344480_0 .net *"_ivl_82", 15 0, L_0x236aef0;  1 drivers
v0x2344560_0 .net *"_ivl_86", 0 0, L_0x236b300;  1 drivers
v0x2344620_0 .net *"_ivl_88", 0 0, L_0x2369820;  1 drivers
v0x2344700_0 .net *"_ivl_9", 15 0, L_0x2368e30;  1 drivers
v0x23447e0_0 .net *"_ivl_90", 0 0, L_0x236b4f0;  1 drivers
v0x23448a0_0 .net *"_ivl_92", 0 0, L_0x236b590;  1 drivers
v0x2344980_0 .net *"_ivl_94", 15 0, L_0x236b650;  1 drivers
v0x2344a60_0 .net "i_rd_A", 2 0, v0x2351b40_0;  alias, 1 drivers
v0x2344b20_0 .net "i_rd_B", 2 0, v0x2351c00_0;  alias, 1 drivers
v0x2344cf0_0 .net "i_rd_we_A", 0 0, v0x23527a0_0;  alias, 1 drivers
v0x2344ea0_0 .net "i_rd_we_B", 0 0, v0x2352840_0;  alias, 1 drivers
v0x2345050_0 .net "i_wdata_A", 15 0, v0x2352620_0;  alias, 1 drivers
v0x2345220_0 .net "i_wdata_B", 15 0, v0x23526e0_0;  alias, 1 drivers
v0x23453f0_0 .net "read_data", 15 0, L_0x236b8a0;  alias, 1 drivers
v0x23454d0_0 .net "read_port", 2 0, v0x2351cc0_0;  alias, 1 drivers
v0x23455b0_0 .net "register_data", 15 0, L_0x236b170;  1 drivers
v0x2345690_0 .net "registers", 127 0, L_0x2358ac0;  alias, 1 drivers
L_0x2358bb0 .concat [ 3 29 0 0], v0x2351cc0_0, L_0x7f76d54bc258;
L_0x2368d40 .cmp/eq 32, L_0x2358bb0, L_0x7f76d54bc2a0;
L_0x2368e30 .part L_0x2358ac0, 0, 16;
L_0x2368ed0 .concat [ 3 29 0 0], v0x2351cc0_0, L_0x7f76d54bc2e8;
L_0x2369000 .cmp/eq 32, L_0x2368ed0, L_0x7f76d54bc330;
L_0x2369140 .part L_0x2358ac0, 16, 16;
L_0x2369220 .concat [ 3 29 0 0], v0x2351cc0_0, L_0x7f76d54bc378;
L_0x2369310 .cmp/eq 32, L_0x2369220, L_0x7f76d54bc3c0;
L_0x23694a0 .part L_0x2358ac0, 32, 16;
L_0x2369540 .concat [ 3 29 0 0], v0x2351cc0_0, L_0x7f76d54bc408;
L_0x2369640 .cmp/eq 32, L_0x2369540, L_0x7f76d54bc450;
L_0x2369780 .part L_0x2358ac0, 48, 16;
L_0x2369890 .concat [ 3 29 0 0], v0x2351cc0_0, L_0x7f76d54bc498;
L_0x23699b0 .cmp/eq 32, L_0x2369890, L_0x7f76d54bc4e0;
L_0x2369ba0 .part L_0x2358ac0, 64, 16;
L_0x2369c40 .concat [ 3 29 0 0], v0x2351cc0_0, L_0x7f76d54bc528;
L_0x2369df0 .cmp/eq 32, L_0x2369c40, L_0x7f76d54bc570;
L_0x2369f60 .part L_0x2358ac0, 80, 16;
L_0x236a0a0 .concat [ 3 29 0 0], v0x2351cc0_0, L_0x7f76d54bc5b8;
L_0x236a1c0 .cmp/eq 32, L_0x236a0a0, L_0x7f76d54bc600;
L_0x236a000 .part L_0x2358ac0, 96, 16;
L_0x236a3e0 .part L_0x2358ac0, 112, 16;
L_0x236a540 .functor MUXZ 16, L_0x236a3e0, L_0x236a000, L_0x236a1c0, C4<>;
L_0x236a700 .functor MUXZ 16, L_0x236a540, L_0x2369f60, L_0x2369df0, C4<>;
L_0x236a960 .functor MUXZ 16, L_0x236a700, L_0x2369ba0, L_0x23699b0, C4<>;
L_0x236aaf0 .functor MUXZ 16, L_0x236a960, L_0x2369780, L_0x2369640, C4<>;
L_0x236ad60 .functor MUXZ 16, L_0x236aaf0, L_0x23694a0, L_0x2369310, C4<>;
L_0x236aef0 .functor MUXZ 16, L_0x236ad60, L_0x2369140, L_0x2369000, C4<>;
L_0x236b170 .functor MUXZ 16, L_0x236aef0, L_0x2368e30, L_0x2368d40, C4<>;
L_0x236b300 .cmp/eq 3, v0x2351c00_0, v0x2351cc0_0;
L_0x236b4f0 .cmp/eq 3, v0x2351b40_0, v0x2351cc0_0;
L_0x236b650 .functor MUXZ 16, L_0x236b170, v0x2352620_0, L_0x236b590, C4<>;
L_0x236b8a0 .functor MUXZ 16, L_0x236b650, v0x23526e0_0, L_0x2369820, C4<>;
S_0x2345870 .scope module, "rsB" "lc4_register_fetch" 4 50, 4 55 0, S_0x22c6400;
 .timescale -9 -12;
    .port_info 0 /INPUT 3 "read_port";
    .port_info 1 /INPUT 3 "i_rd_A";
    .port_info 2 /INPUT 16 "i_wdata_A";
    .port_info 3 /INPUT 1 "i_rd_we_A";
    .port_info 4 /INPUT 3 "i_rd_B";
    .port_info 5 /INPUT 16 "i_wdata_B";
    .port_info 6 /INPUT 1 "i_rd_we_B";
    .port_info 7 /INPUT 128 "registers";
    .port_info 8 /OUTPUT 16 "read_data";
P_0x2345a00 .param/l "n" 0 4 55, +C4<00000000000000000000000000010000>;
L_0x236f590 .functor AND 1, L_0x2370f20, v0x2352840_0, C4<1>, C4<1>;
L_0x23719d0 .functor AND 1, L_0x2371520, v0x23527a0_0, C4<1>, C4<1>;
v0x2345c00_0 .net *"_ivl_0", 31 0, L_0x236ea00;  1 drivers
v0x2345d00_0 .net *"_ivl_10", 31 0, L_0x236ecd0;  1 drivers
L_0x7f76d54bcac8 .functor BUFT 1, C4<00000000000000000000000000000>, C4<0>, C4<0>, C4<0>;
v0x2345de0_0 .net *"_ivl_13", 28 0, L_0x7f76d54bcac8;  1 drivers
L_0x7f76d54bcb10 .functor BUFT 1, C4<00000000000000000000000000000001>, C4<0>, C4<0>, C4<0>;
v0x2345ed0_0 .net/2u *"_ivl_14", 31 0, L_0x7f76d54bcb10;  1 drivers
v0x2345fb0_0 .net *"_ivl_16", 0 0, L_0x236ed70;  1 drivers
v0x23460c0_0 .net *"_ivl_19", 15 0, L_0x236eeb0;  1 drivers
v0x23461a0_0 .net *"_ivl_20", 31 0, L_0x236ef90;  1 drivers
L_0x7f76d54bcb58 .functor BUFT 1, C4<00000000000000000000000000000>, C4<0>, C4<0>, C4<0>;
v0x2346280_0 .net *"_ivl_23", 28 0, L_0x7f76d54bcb58;  1 drivers
L_0x7f76d54bcba0 .functor BUFT 1, C4<00000000000000000000000000000010>, C4<0>, C4<0>, C4<0>;
v0x2346360_0 .net/2u *"_ivl_24", 31 0, L_0x7f76d54bcba0;  1 drivers
v0x2346440_0 .net *"_ivl_26", 0 0, L_0x236f080;  1 drivers
v0x2346500_0 .net *"_ivl_29", 15 0, L_0x236f210;  1 drivers
L_0x7f76d54bca38 .functor BUFT 1, C4<00000000000000000000000000000>, C4<0>, C4<0>, C4<0>;
v0x23465e0_0 .net *"_ivl_3", 28 0, L_0x7f76d54bca38;  1 drivers
v0x23466c0_0 .net *"_ivl_30", 31 0, L_0x236f2b0;  1 drivers
L_0x7f76d54bcbe8 .functor BUFT 1, C4<00000000000000000000000000000>, C4<0>, C4<0>, C4<0>;
v0x23467a0_0 .net *"_ivl_33", 28 0, L_0x7f76d54bcbe8;  1 drivers
L_0x7f76d54bcc30 .functor BUFT 1, C4<00000000000000000000000000000011>, C4<0>, C4<0>, C4<0>;
v0x2346880_0 .net/2u *"_ivl_34", 31 0, L_0x7f76d54bcc30;  1 drivers
v0x2346960_0 .net *"_ivl_36", 0 0, L_0x236f3b0;  1 drivers
v0x2346a20_0 .net *"_ivl_39", 15 0, L_0x236f4f0;  1 drivers
L_0x7f76d54bca80 .functor BUFT 1, C4<00000000000000000000000000000000>, C4<0>, C4<0>, C4<0>;
v0x2346c10_0 .net/2u *"_ivl_4", 31 0, L_0x7f76d54bca80;  1 drivers
v0x2346cf0_0 .net *"_ivl_40", 31 0, L_0x236f600;  1 drivers
L_0x7f76d54bcc78 .functor BUFT 1, C4<00000000000000000000000000000>, C4<0>, C4<0>, C4<0>;
v0x2346dd0_0 .net *"_ivl_43", 28 0, L_0x7f76d54bcc78;  1 drivers
L_0x7f76d54bccc0 .functor BUFT 1, C4<00000000000000000000000000000100>, C4<0>, C4<0>, C4<0>;
v0x2346eb0_0 .net/2u *"_ivl_44", 31 0, L_0x7f76d54bccc0;  1 drivers
v0x2346f90_0 .net *"_ivl_46", 0 0, L_0x236f6f0;  1 drivers
v0x2347050_0 .net *"_ivl_49", 15 0, L_0x236f8b0;  1 drivers
v0x2347130_0 .net *"_ivl_50", 31 0, L_0x236f950;  1 drivers
L_0x7f76d54bcd08 .functor BUFT 1, C4<00000000000000000000000000000>, C4<0>, C4<0>, C4<0>;
v0x2347210_0 .net *"_ivl_53", 28 0, L_0x7f76d54bcd08;  1 drivers
L_0x7f76d54bcd50 .functor BUFT 1, C4<00000000000000000000000000000101>, C4<0>, C4<0>, C4<0>;
v0x23472f0_0 .net/2u *"_ivl_54", 31 0, L_0x7f76d54bcd50;  1 drivers
v0x23473d0_0 .net *"_ivl_56", 0 0, L_0x236fad0;  1 drivers
v0x2347490_0 .net *"_ivl_59", 15 0, L_0x236fc10;  1 drivers
v0x2347570_0 .net *"_ivl_6", 0 0, L_0x236eaf0;  1 drivers
v0x2347630_0 .net *"_ivl_60", 31 0, L_0x236fd50;  1 drivers
L_0x7f76d54bcd98 .functor BUFT 1, C4<00000000000000000000000000000>, C4<0>, C4<0>, C4<0>;
v0x2347710_0 .net *"_ivl_63", 28 0, L_0x7f76d54bcd98;  1 drivers
L_0x7f76d54bcde0 .functor BUFT 1, C4<00000000000000000000000000000110>, C4<0>, C4<0>, C4<0>;
v0x23477f0_0 .net/2u *"_ivl_64", 31 0, L_0x7f76d54bcde0;  1 drivers
v0x23478d0_0 .net *"_ivl_66", 0 0, L_0x236fe40;  1 drivers
v0x2347ba0_0 .net *"_ivl_69", 15 0, L_0x236fcb0;  1 drivers
v0x2347c80_0 .net *"_ivl_71", 15 0, L_0x2370030;  1 drivers
v0x2347d60_0 .net *"_ivl_72", 15 0, L_0x2370190;  1 drivers
v0x2347e40_0 .net *"_ivl_74", 15 0, L_0x2370320;  1 drivers
v0x2347f20_0 .net *"_ivl_76", 15 0, L_0x2370580;  1 drivers
v0x2348000_0 .net *"_ivl_78", 15 0, L_0x2370710;  1 drivers
v0x23480e0_0 .net *"_ivl_80", 15 0, L_0x2370980;  1 drivers
v0x23481c0_0 .net *"_ivl_82", 15 0, L_0x2370b10;  1 drivers
v0x23482a0_0 .net *"_ivl_86", 0 0, L_0x2370f20;  1 drivers
v0x2348360_0 .net *"_ivl_88", 0 0, L_0x236f590;  1 drivers
v0x2348440_0 .net *"_ivl_9", 15 0, L_0x236ec30;  1 drivers
v0x2348520_0 .net *"_ivl_90", 0 0, L_0x2371520;  1 drivers
v0x23485e0_0 .net *"_ivl_92", 0 0, L_0x23719d0;  1 drivers
v0x23486c0_0 .net *"_ivl_94", 15 0, L_0x2371ea0;  1 drivers
v0x23487a0_0 .net "i_rd_A", 2 0, v0x2351b40_0;  alias, 1 drivers
v0x2348860_0 .net "i_rd_B", 2 0, v0x2351c00_0;  alias, 1 drivers
v0x2348920_0 .net "i_rd_we_A", 0 0, v0x23527a0_0;  alias, 1 drivers
v0x23489c0_0 .net "i_rd_we_B", 0 0, v0x2352840_0;  alias, 1 drivers
v0x2348a60_0 .net "i_wdata_A", 15 0, v0x2352620_0;  alias, 1 drivers
v0x2348b20_0 .net "i_wdata_B", 15 0, v0x23526e0_0;  alias, 1 drivers
v0x2348be0_0 .net "read_data", 15 0, L_0x23720f0;  alias, 1 drivers
v0x2348cc0_0 .net "read_port", 2 0, v0x2351d80_0;  alias, 1 drivers
v0x2348da0_0 .net "register_data", 15 0, L_0x2370d90;  1 drivers
v0x2348e80_0 .net "registers", 127 0, L_0x2358ac0;  alias, 1 drivers
L_0x236ea00 .concat [ 3 29 0 0], v0x2351d80_0, L_0x7f76d54bca38;
L_0x236eaf0 .cmp/eq 32, L_0x236ea00, L_0x7f76d54bca80;
L_0x236ec30 .part L_0x2358ac0, 0, 16;
L_0x236ecd0 .concat [ 3 29 0 0], v0x2351d80_0, L_0x7f76d54bcac8;
L_0x236ed70 .cmp/eq 32, L_0x236ecd0, L_0x7f76d54bcb10;
L_0x236eeb0 .part L_0x2358ac0, 16, 16;
L_0x236ef90 .concat [ 3 29 0 0], v0x2351d80_0, L_0x7f76d54bcb58;
L_0x236f080 .cmp/eq 32, L_0x236ef90, L_0x7f76d54bcba0;
L_0x236f210 .part L_0x2358ac0, 32, 16;
L_0x236f2b0 .concat [ 3 29 0 0], v0x2351d80_0, L_0x7f76d54bcbe8;
L_0x236f3b0 .cmp/eq 32, L_0x236f2b0, L_0x7f76d54bcc30;
L_0x236f4f0 .part L_0x2358ac0, 48, 16;
L_0x236f600 .concat [ 3 29 0 0], v0x2351d80_0, L_0x7f76d54bcc78;
L_0x236f6f0 .cmp/eq 32, L_0x236f600, L_0x7f76d54bccc0;
L_0x236f8b0 .part L_0x2358ac0, 64, 16;
L_0x236f950 .concat [ 3 29 0 0], v0x2351d80_0, L_0x7f76d54bcd08;
L_0x236fad0 .cmp/eq 32, L_0x236f950, L_0x7f76d54bcd50;
L_0x236fc10 .part L_0x2358ac0, 80, 16;
L_0x236fd50 .concat [ 3 29 0 0], v0x2351d80_0, L_0x7f76d54bcd98;
L_0x236fe40 .cmp/eq 32, L_0x236fd50, L_0x7f76d54bcde0;
L_0x236fcb0 .part L_0x2358ac0, 96, 16;
L_0x2370030 .part L_0x2358ac0, 112, 16;
L_0x2370190 .functor MUXZ 16, L_0x2370030, L_0x236fcb0, L_0x236fe40, C4<>;
L_0x2370320 .functor MUXZ 16, L_0x2370190, L_0x236fc10, L_0x236fad0, C4<>;
L_0x2370580 .functor MUXZ 16, L_0x2370320, L_0x236f8b0, L_0x236f6f0, C4<>;
L_0x2370710 .functor MUXZ 16, L_0x2370580, L_0x236f4f0, L_0x236f3b0, C4<>;
L_0x2370980 .functor MUXZ 16, L_0x2370710, L_0x236f210, L_0x236f080, C4<>;
L_0x2370b10 .functor MUXZ 16, L_0x2370980, L_0x236eeb0, L_0x236ed70, C4<>;
L_0x2370d90 .functor MUXZ 16, L_0x2370b10, L_0x236ec30, L_0x236eaf0, C4<>;
L_0x2370f20 .cmp/eq 3, v0x2351c00_0, v0x2351d80_0;
L_0x2371520 .cmp/eq 3, v0x2351b40_0, v0x2351d80_0;
L_0x2371ea0 .functor MUXZ 16, L_0x2370d90, v0x2352620_0, L_0x23719d0, C4<>;
L_0x23720f0 .functor MUXZ 16, L_0x2371ea0, v0x23526e0_0, L_0x236f590, C4<>;
S_0x2349050 .scope module, "rtA" "lc4_register_fetch" 4 49, 4 55 0, S_0x22c6400;
 .timescale -9 -12;
    .port_info 0 /INPUT 3 "read_port";
    .port_info 1 /INPUT 3 "i_rd_A";
    .port_info 2 /INPUT 16 "i_wdata_A";
    .port_info 3 /INPUT 1 "i_rd_we_A";
    .port_info 4 /INPUT 3 "i_rd_B";
    .port_info 5 /INPUT 16 "i_wdata_B";
    .port_info 6 /INPUT 1 "i_rd_we_B";
    .port_info 7 /INPUT 128 "registers";
    .port_info 8 /OUTPUT 16 "read_data";
P_0x23491e0 .param/l "n" 0 4 55, +C4<00000000000000000000000000010000>;
L_0x236c780 .functor AND 1, L_0x236e320, v0x2352840_0, C4<1>, C4<1>;
L_0x236e5b0 .functor AND 1, L_0x236e510, v0x23527a0_0, C4<1>, C4<1>;
v0x23493e0_0 .net *"_ivl_0", 31 0, L_0x236b9e0;  1 drivers
v0x23494e0_0 .net *"_ivl_10", 31 0, L_0x236bcb0;  1 drivers
L_0x7f76d54bc6d8 .functor BUFT 1, C4<00000000000000000000000000000>, C4<0>, C4<0>, C4<0>;
v0x23495c0_0 .net *"_ivl_13", 28 0, L_0x7f76d54bc6d8;  1 drivers
L_0x7f76d54bc720 .functor BUFT 1, C4<00000000000000000000000000000001>, C4<0>, C4<0>, C4<0>;
v0x23496b0_0 .net/2u *"_ivl_14", 31 0, L_0x7f76d54bc720;  1 drivers
v0x2349790_0 .net *"_ivl_16", 0 0, L_0x236bd50;  1 drivers
v0x23498a0_0 .net *"_ivl_19", 15 0, L_0x236be90;  1 drivers
v0x2349980_0 .net *"_ivl_20", 31 0, L_0x236bf70;  1 drivers
L_0x7f76d54bc768 .functor BUFT 1, C4<00000000000000000000000000000>, C4<0>, C4<0>, C4<0>;
v0x2349a60_0 .net *"_ivl_23", 28 0, L_0x7f76d54bc768;  1 drivers
L_0x7f76d54bc7b0 .functor BUFT 1, C4<00000000000000000000000000000010>, C4<0>, C4<0>, C4<0>;
v0x2349b40_0 .net/2u *"_ivl_24", 31 0, L_0x7f76d54bc7b0;  1 drivers
v0x2349c20_0 .net *"_ivl_26", 0 0, L_0x236c060;  1 drivers
v0x2349ce0_0 .net *"_ivl_29", 15 0, L_0x236c1f0;  1 drivers
L_0x7f76d54bc648 .functor BUFT 1, C4<00000000000000000000000000000>, C4<0>, C4<0>, C4<0>;
v0x2349dc0_0 .net *"_ivl_3", 28 0, L_0x7f76d54bc648;  1 drivers
v0x2349ea0_0 .net *"_ivl_30", 31 0, L_0x236c4a0;  1 drivers
L_0x7f76d54bc7f8 .functor BUFT 1, C4<00000000000000000000000000000>, C4<0>, C4<0>, C4<0>;
v0x2349f80_0 .net *"_ivl_33", 28 0, L_0x7f76d54bc7f8;  1 drivers
L_0x7f76d54bc840 .functor BUFT 1, C4<00000000000000000000000000000011>, C4<0>, C4<0>, C4<0>;
v0x234a060_0 .net/2u *"_ivl_34", 31 0, L_0x7f76d54bc840;  1 drivers
v0x234a140_0 .net *"_ivl_36", 0 0, L_0x236c5a0;  1 drivers
v0x234a200_0 .net *"_ivl_39", 15 0, L_0x236c6e0;  1 drivers
L_0x7f76d54bc690 .functor BUFT 1, C4<00000000000000000000000000000000>, C4<0>, C4<0>, C4<0>;
v0x234a2e0_0 .net/2u *"_ivl_4", 31 0, L_0x7f76d54bc690;  1 drivers
v0x234a3c0_0 .net *"_ivl_40", 31 0, L_0x236c7f0;  1 drivers
L_0x7f76d54bc888 .functor BUFT 1, C4<00000000000000000000000000000>, C4<0>, C4<0>, C4<0>;
v0x234a4a0_0 .net *"_ivl_43", 28 0, L_0x7f76d54bc888;  1 drivers
L_0x7f76d54bc8d0 .functor BUFT 1, C4<00000000000000000000000000000100>, C4<0>, C4<0>, C4<0>;
v0x234a580_0 .net/2u *"_ivl_44", 31 0, L_0x7f76d54bc8d0;  1 drivers
v0x234a660_0 .net *"_ivl_46", 0 0, L_0x236c8e0;  1 drivers
v0x234a720_0 .net *"_ivl_49", 15 0, L_0x236caa0;  1 drivers
v0x234a800_0 .net *"_ivl_50", 31 0, L_0x236cb40;  1 drivers
L_0x7f76d54bc918 .functor BUFT 1, C4<00000000000000000000000000000>, C4<0>, C4<0>, C4<0>;
v0x234a8e0_0 .net *"_ivl_53", 28 0, L_0x7f76d54bc918;  1 drivers
L_0x7f76d54bc960 .functor BUFT 1, C4<00000000000000000000000000000101>, C4<0>, C4<0>, C4<0>;
v0x234a9c0_0 .net/2u *"_ivl_54", 31 0, L_0x7f76d54bc960;  1 drivers
v0x234aaa0_0 .net *"_ivl_56", 0 0, L_0x236ced0;  1 drivers
v0x234ab60_0 .net *"_ivl_59", 15 0, L_0x236d010;  1 drivers
v0x234ac40_0 .net *"_ivl_6", 0 0, L_0x236bad0;  1 drivers
v0x234ad00_0 .net *"_ivl_60", 31 0, L_0x236d150;  1 drivers
L_0x7f76d54bc9a8 .functor BUFT 1, C4<00000000000000000000000000000>, C4<0>, C4<0>, C4<0>;
v0x234ade0_0 .net *"_ivl_63", 28 0, L_0x7f76d54bc9a8;  1 drivers
L_0x7f76d54bc9f0 .functor BUFT 1, C4<00000000000000000000000000000110>, C4<0>, C4<0>, C4<0>;
v0x234aec0_0 .net/2u *"_ivl_64", 31 0, L_0x7f76d54bc9f0;  1 drivers
v0x234afa0_0 .net *"_ivl_66", 0 0, L_0x236d240;  1 drivers
v0x234b270_0 .net *"_ivl_69", 15 0, L_0x236d0b0;  1 drivers
v0x234b350_0 .net *"_ivl_71", 15 0, L_0x236d430;  1 drivers
v0x234b430_0 .net *"_ivl_72", 15 0, L_0x236d590;  1 drivers
v0x234b510_0 .net *"_ivl_74", 15 0, L_0x236d720;  1 drivers
v0x234b5f0_0 .net *"_ivl_76", 15 0, L_0x236d980;  1 drivers
v0x234b6d0_0 .net *"_ivl_78", 15 0, L_0x236db10;  1 drivers
v0x234b7b0_0 .net *"_ivl_80", 15 0, L_0x236dd80;  1 drivers
v0x234b890_0 .net *"_ivl_82", 15 0, L_0x236df10;  1 drivers
v0x234b970_0 .net *"_ivl_86", 0 0, L_0x236e320;  1 drivers
v0x234ba30_0 .net *"_ivl_88", 0 0, L_0x236c780;  1 drivers
v0x234bb10_0 .net *"_ivl_9", 15 0, L_0x236bc10;  1 drivers
v0x234bbf0_0 .net *"_ivl_90", 0 0, L_0x236e510;  1 drivers
v0x234bcb0_0 .net *"_ivl_92", 0 0, L_0x236e5b0;  1 drivers
v0x234bd90_0 .net *"_ivl_94", 15 0, L_0x236e670;  1 drivers
v0x234be70_0 .net "i_rd_A", 2 0, v0x2351b40_0;  alias, 1 drivers
v0x234bf30_0 .net "i_rd_B", 2 0, v0x2351c00_0;  alias, 1 drivers
v0x234bff0_0 .net "i_rd_we_A", 0 0, v0x23527a0_0;  alias, 1 drivers
v0x234c090_0 .net "i_rd_we_B", 0 0, v0x2352840_0;  alias, 1 drivers
v0x234c130_0 .net "i_wdata_A", 15 0, v0x2352620_0;  alias, 1 drivers
v0x234c1f0_0 .net "i_wdata_B", 15 0, v0x23526e0_0;  alias, 1 drivers
v0x234c2b0_0 .net "read_data", 15 0, L_0x236e8c0;  alias, 1 drivers
v0x234c390_0 .net "read_port", 2 0, v0x2352100_0;  alias, 1 drivers
v0x234c470_0 .net "register_data", 15 0, L_0x236e190;  1 drivers
v0x234c550_0 .net "registers", 127 0, L_0x2358ac0;  alias, 1 drivers
L_0x236b9e0 .concat [ 3 29 0 0], v0x2352100_0, L_0x7f76d54bc648;
L_0x236bad0 .cmp/eq 32, L_0x236b9e0, L_0x7f76d54bc690;
L_0x236bc10 .part L_0x2358ac0, 0, 16;
L_0x236bcb0 .concat [ 3 29 0 0], v0x2352100_0, L_0x7f76d54bc6d8;
L_0x236bd50 .cmp/eq 32, L_0x236bcb0, L_0x7f76d54bc720;
L_0x236be90 .part L_0x2358ac0, 16, 16;
L_0x236bf70 .concat [ 3 29 0 0], v0x2352100_0, L_0x7f76d54bc768;
L_0x236c060 .cmp/eq 32, L_0x236bf70, L_0x7f76d54bc7b0;
L_0x236c1f0 .part L_0x2358ac0, 32, 16;
L_0x236c4a0 .concat [ 3 29 0 0], v0x2352100_0, L_0x7f76d54bc7f8;
L_0x236c5a0 .cmp/eq 32, L_0x236c4a0, L_0x7f76d54bc840;
L_0x236c6e0 .part L_0x2358ac0, 48, 16;
L_0x236c7f0 .concat [ 3 29 0 0], v0x2352100_0, L_0x7f76d54bc888;
L_0x236c8e0 .cmp/eq 32, L_0x236c7f0, L_0x7f76d54bc8d0;
L_0x236caa0 .part L_0x2358ac0, 64, 16;
L_0x236cb40 .concat [ 3 29 0 0], v0x2352100_0, L_0x7f76d54bc918;
L_0x236ced0 .cmp/eq 32, L_0x236cb40, L_0x7f76d54bc960;
L_0x236d010 .part L_0x2358ac0, 80, 16;
L_0x236d150 .concat [ 3 29 0 0], v0x2352100_0, L_0x7f76d54bc9a8;
L_0x236d240 .cmp/eq 32, L_0x236d150, L_0x7f76d54bc9f0;
L_0x236d0b0 .part L_0x2358ac0, 96, 16;
L_0x236d430 .part L_0x2358ac0, 112, 16;
L_0x236d590 .functor MUXZ 16, L_0x236d430, L_0x236d0b0, L_0x236d240, C4<>;
L_0x236d720 .functor MUXZ 16, L_0x236d590, L_0x236d010, L_0x236ced0, C4<>;
L_0x236d980 .functor MUXZ 16, L_0x236d720, L_0x236caa0, L_0x236c8e0, C4<>;
L_0x236db10 .functor MUXZ 16, L_0x236d980, L_0x236c6e0, L_0x236c5a0, C4<>;
L_0x236dd80 .functor MUXZ 16, L_0x236db10, L_0x236c1f0, L_0x236c060, C4<>;
L_0x236df10 .functor MUXZ 16, L_0x236dd80, L_0x236be90, L_0x236bd50, C4<>;
L_0x236e190 .functor MUXZ 16, L_0x236df10, L_0x236bc10, L_0x236bad0, C4<>;
L_0x236e320 .cmp/eq 3, v0x2351c00_0, v0x2352100_0;
L_0x236e510 .cmp/eq 3, v0x2351b40_0, v0x2352100_0;
L_0x236e670 .functor MUXZ 16, L_0x236e190, v0x2352620_0, L_0x236e5b0, C4<>;
L_0x236e8c0 .functor MUXZ 16, L_0x236e670, v0x23526e0_0, L_0x236c780, C4<>;
S_0x234c760 .scope module, "rtB" "lc4_register_fetch" 4 51, 4 55 0, S_0x22c6400;
 .timescale -9 -12;
    .port_info 0 /INPUT 3 "read_port";
    .port_info 1 /INPUT 3 "i_rd_A";
    .port_info 2 /INPUT 16 "i_wdata_A";
    .port_info 3 /INPUT 1 "i_rd_we_A";
    .port_info 4 /INPUT 3 "i_rd_B";
    .port_info 5 /INPUT 16 "i_wdata_B";
    .port_info 6 /INPUT 1 "i_rd_we_B";
    .port_info 7 /INPUT 128 "registers";
    .port_info 8 /OUTPUT 16 "read_data";
P_0x234c8f0 .param/l "n" 0 4 55, +C4<00000000000000000000000000010000>;
L_0x23731d0 .functor AND 1, L_0x2374b60, v0x2352840_0, C4<1>, C4<1>;
L_0x2374df0 .functor AND 1, L_0x2374d50, v0x23527a0_0, C4<1>, C4<1>;
v0x234cac0_0 .net *"_ivl_0", 31 0, L_0x2372230;  1 drivers
v0x234cbc0_0 .net *"_ivl_10", 31 0, L_0x2372500;  1 drivers
L_0x7f76d54bceb8 .functor BUFT 1, C4<00000000000000000000000000000>, C4<0>, C4<0>, C4<0>;
v0x234cca0_0 .net *"_ivl_13", 28 0, L_0x7f76d54bceb8;  1 drivers
L_0x7f76d54bcf00 .functor BUFT 1, C4<00000000000000000000000000000001>, C4<0>, C4<0>, C4<0>;
v0x234cd90_0 .net/2u *"_ivl_14", 31 0, L_0x7f76d54bcf00;  1 drivers
v0x234ce70_0 .net *"_ivl_16", 0 0, L_0x23725a0;  1 drivers
v0x234cf80_0 .net *"_ivl_19", 15 0, L_0x23726e0;  1 drivers
v0x234d060_0 .net *"_ivl_20", 31 0, L_0x23727c0;  1 drivers
L_0x7f76d54bcf48 .functor BUFT 1, C4<00000000000000000000000000000>, C4<0>, C4<0>, C4<0>;
v0x234d140_0 .net *"_ivl_23", 28 0, L_0x7f76d54bcf48;  1 drivers
L_0x7f76d54bcf90 .functor BUFT 1, C4<00000000000000000000000000000010>, C4<0>, C4<0>, C4<0>;
v0x234d220_0 .net/2u *"_ivl_24", 31 0, L_0x7f76d54bcf90;  1 drivers
v0x234d300_0 .net *"_ivl_26", 0 0, L_0x23728b0;  1 drivers
v0x234d3c0_0 .net *"_ivl_29", 15 0, L_0x2372a40;  1 drivers
L_0x7f76d54bce28 .functor BUFT 1, C4<00000000000000000000000000000>, C4<0>, C4<0>, C4<0>;
v0x234d4a0_0 .net *"_ivl_3", 28 0, L_0x7f76d54bce28;  1 drivers
v0x234d580_0 .net *"_ivl_30", 31 0, L_0x2372ef0;  1 drivers
L_0x7f76d54bcfd8 .functor BUFT 1, C4<00000000000000000000000000000>, C4<0>, C4<0>, C4<0>;
v0x234d660_0 .net *"_ivl_33", 28 0, L_0x7f76d54bcfd8;  1 drivers
L_0x7f76d54bd020 .functor BUFT 1, C4<00000000000000000000000000000011>, C4<0>, C4<0>, C4<0>;
v0x234d740_0 .net/2u *"_ivl_34", 31 0, L_0x7f76d54bd020;  1 drivers
v0x234d820_0 .net *"_ivl_36", 0 0, L_0x2372ff0;  1 drivers
v0x234d8e0_0 .net *"_ivl_39", 15 0, L_0x2373130;  1 drivers
L_0x7f76d54bce70 .functor BUFT 1, C4<00000000000000000000000000000000>, C4<0>, C4<0>, C4<0>;
v0x234d9c0_0 .net/2u *"_ivl_4", 31 0, L_0x7f76d54bce70;  1 drivers
v0x234daa0_0 .net *"_ivl_40", 31 0, L_0x2373240;  1 drivers
L_0x7f76d54bd068 .functor BUFT 1, C4<00000000000000000000000000000>, C4<0>, C4<0>, C4<0>;
v0x234db80_0 .net *"_ivl_43", 28 0, L_0x7f76d54bd068;  1 drivers
L_0x7f76d54bd0b0 .functor BUFT 1, C4<00000000000000000000000000000100>, C4<0>, C4<0>, C4<0>;
v0x234dc60_0 .net/2u *"_ivl_44", 31 0, L_0x7f76d54bd0b0;  1 drivers
v0x234dd40_0 .net *"_ivl_46", 0 0, L_0x2373330;  1 drivers
v0x234de00_0 .net *"_ivl_49", 15 0, L_0x23734f0;  1 drivers
v0x234dee0_0 .net *"_ivl_50", 31 0, L_0x2373590;  1 drivers
L_0x7f76d54bd0f8 .functor BUFT 1, C4<00000000000000000000000000000>, C4<0>, C4<0>, C4<0>;
v0x234dfc0_0 .net *"_ivl_53", 28 0, L_0x7f76d54bd0f8;  1 drivers
L_0x7f76d54bd140 .functor BUFT 1, C4<00000000000000000000000000000101>, C4<0>, C4<0>, C4<0>;
v0x234e0a0_0 .net/2u *"_ivl_54", 31 0, L_0x7f76d54bd140;  1 drivers
v0x234e180_0 .net *"_ivl_56", 0 0, L_0x2373710;  1 drivers
v0x234e240_0 .net *"_ivl_59", 15 0, L_0x2373850;  1 drivers
v0x234e320_0 .net *"_ivl_6", 0 0, L_0x2372320;  1 drivers
v0x234e3e0_0 .net *"_ivl_60", 31 0, L_0x2373990;  1 drivers
L_0x7f76d54bd188 .functor BUFT 1, C4<00000000000000000000000000000>, C4<0>, C4<0>, C4<0>;
v0x234e4c0_0 .net *"_ivl_63", 28 0, L_0x7f76d54bd188;  1 drivers
L_0x7f76d54bd1d0 .functor BUFT 1, C4<00000000000000000000000000000110>, C4<0>, C4<0>, C4<0>;
v0x234e5a0_0 .net/2u *"_ivl_64", 31 0, L_0x7f76d54bd1d0;  1 drivers
v0x234e680_0 .net *"_ivl_66", 0 0, L_0x2373a80;  1 drivers
v0x234e950_0 .net *"_ivl_69", 15 0, L_0x23738f0;  1 drivers
v0x234ea30_0 .net *"_ivl_71", 15 0, L_0x2373c70;  1 drivers
v0x234eb10_0 .net *"_ivl_72", 15 0, L_0x2373dd0;  1 drivers
v0x234ebf0_0 .net *"_ivl_74", 15 0, L_0x2373f60;  1 drivers
v0x234ecd0_0 .net *"_ivl_76", 15 0, L_0x23741c0;  1 drivers
v0x234edb0_0 .net *"_ivl_78", 15 0, L_0x2374350;  1 drivers
v0x234ee90_0 .net *"_ivl_80", 15 0, L_0x23745c0;  1 drivers
v0x234ef70_0 .net *"_ivl_82", 15 0, L_0x2374750;  1 drivers
v0x234f050_0 .net *"_ivl_86", 0 0, L_0x2374b60;  1 drivers
v0x234f110_0 .net *"_ivl_88", 0 0, L_0x23731d0;  1 drivers
v0x234f1f0_0 .net *"_ivl_9", 15 0, L_0x2372460;  1 drivers
v0x234f2d0_0 .net *"_ivl_90", 0 0, L_0x2374d50;  1 drivers
v0x234f390_0 .net *"_ivl_92", 0 0, L_0x2374df0;  1 drivers
v0x234f470_0 .net *"_ivl_94", 15 0, L_0x2374eb0;  1 drivers
v0x234f550_0 .net "i_rd_A", 2 0, v0x2351b40_0;  alias, 1 drivers
v0x234f610_0 .net "i_rd_B", 2 0, v0x2351c00_0;  alias, 1 drivers
v0x234f6d0_0 .net "i_rd_we_A", 0 0, v0x23527a0_0;  alias, 1 drivers
v0x234f770_0 .net "i_rd_we_B", 0 0, v0x2352840_0;  alias, 1 drivers
v0x234f810_0 .net "i_wdata_A", 15 0, v0x2352620_0;  alias, 1 drivers
v0x234f8d0_0 .net "i_wdata_B", 15 0, v0x23526e0_0;  alias, 1 drivers
v0x234f990_0 .net "read_data", 15 0, L_0x2375100;  alias, 1 drivers
v0x234fa70_0 .net "read_port", 2 0, v0x2352210_0;  alias, 1 drivers
v0x234fb50_0 .net "register_data", 15 0, L_0x23749d0;  1 drivers
v0x234fc30_0 .net "registers", 127 0, L_0x2358ac0;  alias, 1 drivers
L_0x2372230 .concat [ 3 29 0 0], v0x2352210_0, L_0x7f76d54bce28;
L_0x2372320 .cmp/eq 32, L_0x2372230, L_0x7f76d54bce70;
L_0x2372460 .part L_0x2358ac0, 0, 16;
L_0x2372500 .concat [ 3 29 0 0], v0x2352210_0, L_0x7f76d54bceb8;
L_0x23725a0 .cmp/eq 32, L_0x2372500, L_0x7f76d54bcf00;
L_0x23726e0 .part L_0x2358ac0, 16, 16;
L_0x23727c0 .concat [ 3 29 0 0], v0x2352210_0, L_0x7f76d54bcf48;
L_0x23728b0 .cmp/eq 32, L_0x23727c0, L_0x7f76d54bcf90;
L_0x2372a40 .part L_0x2358ac0, 32, 16;
L_0x2372ef0 .concat [ 3 29 0 0], v0x2352210_0, L_0x7f76d54bcfd8;
L_0x2372ff0 .cmp/eq 32, L_0x2372ef0, L_0x7f76d54bd020;
L_0x2373130 .part L_0x2358ac0, 48, 16;
L_0x2373240 .concat [ 3 29 0 0], v0x2352210_0, L_0x7f76d54bd068;
L_0x2373330 .cmp/eq 32, L_0x2373240, L_0x7f76d54bd0b0;
L_0x23734f0 .part L_0x2358ac0, 64, 16;
L_0x2373590 .concat [ 3 29 0 0], v0x2352210_0, L_0x7f76d54bd0f8;
L_0x2373710 .cmp/eq 32, L_0x2373590, L_0x7f76d54bd140;
L_0x2373850 .part L_0x2358ac0, 80, 16;
L_0x2373990 .concat [ 3 29 0 0], v0x2352210_0, L_0x7f76d54bd188;
L_0x2373a80 .cmp/eq 32, L_0x2373990, L_0x7f76d54bd1d0;
L_0x23738f0 .part L_0x2358ac0, 96, 16;
L_0x2373c70 .part L_0x2358ac0, 112, 16;
L_0x2373dd0 .functor MUXZ 16, L_0x2373c70, L_0x23738f0, L_0x2373a80, C4<>;
L_0x2373f60 .functor MUXZ 16, L_0x2373dd0, L_0x2373850, L_0x2373710, C4<>;
L_0x23741c0 .functor MUXZ 16, L_0x2373f60, L_0x23734f0, L_0x2373330, C4<>;
L_0x2374350 .functor MUXZ 16, L_0x23741c0, L_0x2373130, L_0x2372ff0, C4<>;
L_0x23745c0 .functor MUXZ 16, L_0x2374350, L_0x2372a40, L_0x23728b0, C4<>;
L_0x2374750 .functor MUXZ 16, L_0x23745c0, L_0x23726e0, L_0x23725a0, C4<>;
L_0x23749d0 .functor MUXZ 16, L_0x2374750, L_0x2372460, L_0x2372320, C4<>;
L_0x2374b60 .cmp/eq 3, v0x2351c00_0, v0x2352210_0;
L_0x2374d50 .cmp/eq 3, v0x2351b40_0, v0x2352210_0;
L_0x2374eb0 .functor MUXZ 16, L_0x23749d0, v0x2352620_0, L_0x2374df0, C4<>;
L_0x2375100 .functor MUXZ 16, L_0x2374eb0, v0x23526e0_0, L_0x23731d0, C4<>;
    .scope S_0x22d42f0;
T_1 ;
    %wait E_0x228d310;
    %load/vec4 v0x22bf420_0;
    %load/vec4 v0x232f870_0;
    %and;
    %flag_set/vec4 8;
    %jmp/0xz  T_1.0, 8;
    %pushi/vec4 0, 0, 16;
    %store/vec4 v0x232f980_0, 0, 16;
    %jmp T_1.1;
T_1.0 ;
    %load/vec4 v0x22bf420_0;
    %load/vec4 v0x232fa60_0;
    %and;
    %flag_set/vec4 8;
    %jmp/0xz  T_1.2, 8;
    %load/vec4 v0x22ba9d0_0;
    %store/vec4 v0x232f980_0, 0, 16;
T_1.2 ;
T_1.1 ;
    %jmp T_1;
    .thread T_1;
    .scope S_0x2331690;
T_2 ;
    %wait E_0x228d310;
    %load/vec4 v0x2331b40_0;
    %load/vec4 v0x2331dd0_0;
    %and;
    %flag_set/vec4 8;
    %jmp/0xz  T_2.0, 8;
    %pushi/vec4 0, 0, 16;
    %store/vec4 v0x2331f10_0, 0, 16;
    %jmp T_2.1;
T_2.0 ;
    %load/vec4 v0x2331b40_0;
    %load/vec4 v0x2331ff0_0;
    %and;
    %flag_set/vec4 8;
    %jmp/0xz  T_2.2, 8;
    %load/vec4 v0x2331c50_0;
    %store/vec4 v0x2331f10_0, 0, 16;
T_2.2 ;
T_2.1 ;
    %jmp T_2;
    .thread T_2;
    .scope S_0x2333c50;
T_3 ;
    %wait E_0x228d310;
    %load/vec4 v0x23340b0_0;
    %load/vec4 v0x2334320_0;
    %and;
    %flag_set/vec4 8;
    %jmp/0xz  T_3.0, 8;
    %pushi/vec4 0, 0, 16;
    %store/vec4 v0x23343c0_0, 0, 16;
    %jmp T_3.1;
T_3.0 ;
    %load/vec4 v0x23340b0_0;
    %load/vec4 v0x23344a0_0;
    %and;
    %flag_set/vec4 8;
    %jmp/0xz  T_3.2, 8;
    %load/vec4 v0x2334170_0;
    %store/vec4 v0x23343c0_0, 0, 16;
T_3.2 ;
T_3.1 ;
    %jmp T_3;
    .thread T_3;
    .scope S_0x2336230;
T_4 ;
    %wait E_0x228d310;
    %load/vec4 v0x23366c0_0;
    %load/vec4 v0x2336900_0;
    %and;
    %flag_set/vec4 8;
    %jmp/0xz  T_4.0, 8;
    %pushi/vec4 0, 0, 16;
    %store/vec4 v0x23369f0_0, 0, 16;
    %jmp T_4.1;
T_4.0 ;
    %load/vec4 v0x23366c0_0;
    %load/vec4 v0x2336ad0_0;
    %and;
    %flag_set/vec4 8;
    %jmp/0xz  T_4.2, 8;
    %load/vec4 v0x2336780_0;
    %store/vec4 v0x23369f0_0, 0, 16;
T_4.2 ;
T_4.1 ;
    %jmp T_4;
    .thread T_4;
    .scope S_0x2338740;
T_5 ;
    %wait E_0x228d310;
    %load/vec4 v0x2338d40_0;
    %load/vec4 v0x23390c0_0;
    %and;
    %flag_set/vec4 8;
    %jmp/0xz  T_5.0, 8;
    %pushi/vec4 0, 0, 16;
    %store/vec4 v0x23392c0_0, 0, 16;
    %jmp T_5.1;
T_5.0 ;
    %load/vec4 v0x2338d40_0;
    %load/vec4 v0x23393a0_0;
    %and;
    %flag_set/vec4 8;
    %jmp/0xz  T_5.2, 8;
    %load/vec4 v0x2338f10_0;
    %store/vec4 v0x23392c0_0, 0, 16;
T_5.2 ;
T_5.1 ;
    %jmp T_5;
    .thread T_5;
    .scope S_0x233b0f0;
T_6 ;
    %wait E_0x228d310;
    %load/vec4 v0x233b590_0;
    %load/vec4 v0x233b800_0;
    %and;
    %flag_set/vec4 8;
    %jmp/0xz  T_6.0, 8;
    %pushi/vec4 0, 0, 16;
    %store/vec4 v0x233b8a0_0, 0, 16;
    %jmp T_6.1;
T_6.0 ;
    %load/vec4 v0x233b590_0;
    %load/vec4 v0x233b980_0;
    %and;
    %flag_set/vec4 8;
    %jmp/0xz  T_6.2, 8;
    %load/vec4 v0x233b650_0;
    %store/vec4 v0x233b8a0_0, 0, 16;
T_6.2 ;
T_6.1 ;
    %jmp T_6;
    .thread T_6;
    .scope S_0x233d5c0;
T_7 ;
    %wait E_0x228d310;
    %load/vec4 v0x233dab0_0;
    %load/vec4 v0x233dd20_0;
    %and;
    %flag_set/vec4 8;
    %jmp/0xz  T_7.0, 8;
    %pushi/vec4 0, 0, 16;
    %store/vec4 v0x233de10_0, 0, 16;
    %jmp T_7.1;
T_7.0 ;
    %load/vec4 v0x233dab0_0;
    %load/vec4 v0x233def0_0;
    %and;
    %flag_set/vec4 8;
    %jmp/0xz  T_7.2, 8;
    %load/vec4 v0x233db70_0;
    %store/vec4 v0x233de10_0, 0, 16;
T_7.2 ;
T_7.1 ;
    %jmp T_7;
    .thread T_7;
    .scope S_0x233fb80;
T_8 ;
    %wait E_0x228d310;
    %load/vec4 v0x2340070_0;
    %load/vec4 v0x23402e0_0;
    %and;
    %flag_set/vec4 8;
    %jmp/0xz  T_8.0, 8;
    %pushi/vec4 0, 0, 16;
    %store/vec4 v0x23403d0_0, 0, 16;
    %jmp T_8.1;
T_8.0 ;
    %load/vec4 v0x2340070_0;
    %load/vec4 v0x23404b0_0;
    %and;
    %flag_set/vec4 8;
    %jmp/0xz  T_8.2, 8;
    %load/vec4 v0x2340130_0;
    %store/vec4 v0x23403d0_0, 0, 16;
T_8.2 ;
T_8.1 ;
    %jmp T_8;
    .thread T_8;
    .scope S_0x22d8d40;
T_9 ;
    %delay 5000, 0;
    %load/vec4 v0x23513b0_0;
    %inv;
    %assign/vec4 v0x23513b0_0, 0;
    %jmp T_9;
    .thread T_9;
    .scope S_0x22d8d40;
T_10 ;
    %pushi/vec4 0, 0, 3;
    %store/vec4 v0x2351cc0_0, 0, 3;
    %pushi/vec4 0, 0, 3;
    %store/vec4 v0x2352100_0, 0, 3;
    %pushi/vec4 0, 0, 3;
    %store/vec4 v0x2351b40_0, 0, 3;
    %pushi/vec4 0, 0, 1;
    %store/vec4 v0x23527a0_0, 0, 1;
    %pushi/vec4 0, 0, 16;
    %store/vec4 v0x2352620_0, 0, 16;
    %pushi/vec4 0, 0, 3;
    %store/vec4 v0x2351d80_0, 0, 3;
    %pushi/vec4 0, 0, 3;
    %store/vec4 v0x2352210_0, 0, 3;
    %pushi/vec4 0, 0, 3;
    %store/vec4 v0x2351c00_0, 0, 3;
    %pushi/vec4 0, 0, 1;
    %store/vec4 v0x2352840_0, 0, 1;
    %pushi/vec4 0, 0, 16;
    %store/vec4 v0x23526e0_0, 0, 16;
    %pushi/vec4 1, 0, 1;
    %store/vec4 v0x2352060_0, 0, 1;
    %pushi/vec4 0, 0, 1;
    %store/vec4 v0x23513b0_0, 0, 1;
    %pushi/vec4 1, 0, 1;
    %store/vec4 v0x23518e0_0, 0, 1;
    %pushi/vec4 0, 0, 32;
    %store/vec4 v0x2351470_0, 0, 32;
    %pushi/vec4 0, 0, 32;
    %store/vec4 v0x2352540_0, 0, 32;
    %pushi/vec4 0, 0, 32;
    %store/vec4 v0x2351a60_0, 0, 32;
    %vpi_func 2 104 "$fopen" 32, "test_lc4_regfile_ss.input", "r" {0 0 0};
    %store/vec4 v0x2351980_0, 0, 32;
    %load/vec4 v0x2351980_0;
    %cmpi/e 0, 0, 32;
    %jmp/0xz  T_10.0, 4;
    %vpi_call 2 106 "$display", "Error opening file: ", "test_lc4_regfile_ss.input" {0 0 0};
    %vpi_call 2 107 "$finish" {0 0 0};
T_10.0 ;
    %delay 100000, 0;
    %delay 5000, 0;
    %pushi/vec4 0, 0, 1;
    %store/vec4 v0x2352060_0, 0, 1;
    %delay 2000, 0;
T_10.2 ;
    %vpi_func 2 126 "$fscanf" 32, v0x2351980_0, "%d %d %d %b %h %h %h %d %d %d %b %h %h %h", v0x2351cc0_0, v0x2352100_0, v0x2351b40_0, v0x23527a0_0, v0x2352620_0, v0x2351550_0, v0x2351720_0, v0x2351d80_0, v0x2352210_0, v0x2351c00_0, v0x2352840_0, v0x23526e0_0, v0x2351640_0, v0x2351800_0 {0 0 0};
    %cmpi/e 14, 0, 32;
    %jmp/0xz T_10.3, 4;
    %delay 8000, 0;
    %load/vec4 v0x2352540_0;
    %addi 4, 0, 32;
    %store/vec4 v0x2352540_0, 0, 32;
    %load/vec4 v0x2351a60_0;
    %cmpi/ne 0, 0, 32;
    %jmp/0xz  T_10.4, 4;
    %vpi_call 2 135 "$fdisplay", v0x2351a60_0, "%d %d %d %b %h %h %h %d %d %d %b %h %h %h", v0x2351cc0_0, v0x2352100_0, v0x2351b40_0, v0x23527a0_0, v0x2352620_0, v0x2351e40_0, v0x2352320_0, v0x2351d80_0, v0x2352210_0, v0x2351c00_0, v0x2352840_0, v0x23526e0_0, v0x2351f50_0, v0x2352430_0 {0 0 0};
T_10.4 ;
    %load/vec4 v0x2351e40_0;
    %load/vec4 v0x2351550_0;
    %cmp/ne;
    %jmp/0xz  T_10.6, 6;
    %vpi_call 2 139 "$display", "Error at test %d: Value of register %d on output rs_A should have been %h, but was %h instead", v0x2352540_0, v0x2351cc0_0, v0x2351550_0, v0x2351e40_0 {0 0 0};
    %load/vec4 v0x2351470_0;
    %addi 1, 0, 32;
    %store/vec4 v0x2351470_0, 0, 32;
T_10.6 ;
    %load/vec4 v0x2352320_0;
    %load/vec4 v0x2351720_0;
    %cmp/ne;
    %jmp/0xz  T_10.8, 6;
    %vpi_call 2 144 "$display", "Error at test %d: Value of register %d on output rt_A should have been %h, but was %h instead", v0x2352540_0, v0x2352100_0, v0x2351720_0, v0x2352320_0 {0 0 0};
    %load/vec4 v0x2351470_0;
    %addi 1, 0, 32;
    %store/vec4 v0x2351470_0, 0, 32;
T_10.8 ;
    %load/vec4 v0x2351f50_0;
    %load/vec4 v0x2351640_0;
    %cmp/ne;
    %jmp/0xz  T_10.10, 6;
    %vpi_call 2 149 "$display", "Error at test %d: Value of register %d on output rs_B should have been %h, but was %h instead", v0x2352540_0, v0x2351d80_0, v0x2351640_0, v0x2351f50_0 {0 0 0};
    %load/vec4 v0x2351470_0;
    %addi 1, 0, 32;
    %store/vec4 v0x2351470_0, 0, 32;
T_10.10 ;
    %load/vec4 v0x2352430_0;
    %load/vec4 v0x2351800_0;
    %cmp/ne;
    %jmp/0xz  T_10.12, 6;
    %vpi_call 2 154 "$display", "Error at test %d: Value of register %d on output rt_B should have been %h, but was %h instead", v0x2352540_0, v0x2352210_0, v0x2351800_0, v0x2352430_0 {0 0 0};
    %load/vec4 v0x2351470_0;
    %addi 1, 0, 32;
    %store/vec4 v0x2351470_0, 0, 32;
T_10.12 ;
    %delay 2000, 0;
    %jmp T_10.2;
T_10.3 ;
    %load/vec4 v0x2351980_0;
    %cmpi/ne 0, 0, 32;
    %jmp/0xz  T_10.14, 4;
    %vpi_call 2 162 "$fclose", v0x2351980_0 {0 0 0};
T_10.14 ;
    %load/vec4 v0x2351a60_0;
    %cmpi/ne 0, 0, 32;
    %jmp/0xz  T_10.16, 4;
    %vpi_call 2 163 "$fclose", v0x2351a60_0 {0 0 0};
T_10.16 ;
    %vpi_call 2 164 "$display", "Simulation finished: %d test cases %d errors [%s]", v0x2352540_0, v0x2351470_0, "test_lc4_regfile_ss.input" {0 0 0};
    %load/vec4 v0x2352540_0;
    %store/vec4 v0x22cd310_0, 0, 32;
    %load/vec4 v0x2352540_0;
    %load/vec4 v0x2351470_0;
    %sub;
    %store/vec4 v0x22d1d60_0, 0, 32;
    %fork TD_test_regfile.printPoints, S_0x22c19b0;
    %join;
    %vpi_call 2 166 "$finish" {0 0 0};
    %end;
    .thread T_10;
# The file index is used to find the file name in the following table.
:file_names 6;
    "N/A";
    "<interactive>";
    "testbench_lc4_regfile_ss.v";
    "./print_points.v";
    "lc4_regfile_ss.v";
    "register.v";
