#! /opt/homebrew/Cellar/icarus-verilog/11.0/bin/vvp
:ivl_version "11.0 (stable)";
:ivl_delay_selection "TYPICAL";
:vpi_time_precision - 12;
:vpi_module "/opt/homebrew/Cellar/icarus-verilog/11.0/lib/ivl/system.vpi";
:vpi_module "/opt/homebrew/Cellar/icarus-verilog/11.0/lib/ivl/vhdl_sys.vpi";
:vpi_module "/opt/homebrew/Cellar/icarus-verilog/11.0/lib/ivl/vhdl_textio.vpi";
:vpi_module "/opt/homebrew/Cellar/icarus-verilog/11.0/lib/ivl/v2005_math.vpi";
:vpi_module "/opt/homebrew/Cellar/icarus-verilog/11.0/lib/ivl/va_math.vpi";
S_0x1567041c0 .scope module, "test_adders" "test_adders" 2 14;
 .timescale -9 -12;
L_0x138040058 .functor BUFT 1, C4<0>, C4<0>, C4<0>, C4<0>;
v0x600001528f30_0 .net *"_ivl_10", 0 0, L_0x138040058;  1 drivers
v0x600001528fc0_0 .net *"_ivl_11", 1 0, L_0x600001620280;  1 drivers
v0x600001529050_0 .net *"_ivl_13", 1 0, L_0x600001620320;  1 drivers
L_0x1380400a0 .functor BUFT 1, C4<0>, C4<0>, C4<0>, C4<0>;
v0x6000015290e0_0 .net *"_ivl_16", 0 0, L_0x1380400a0;  1 drivers
v0x600001529170_0 .net *"_ivl_17", 1 0, L_0x6000016203c0;  1 drivers
v0x600001529200_0 .net *"_ivl_22", 2 0, L_0x6000016208c0;  1 drivers
L_0x1380400e8 .functor BUFT 1, C4<0>, C4<0>, C4<0>, C4<0>;
v0x600001529290_0 .net *"_ivl_25", 0 0, L_0x1380400e8;  1 drivers
v0x600001529320_0 .net *"_ivl_26", 2 0, L_0x600001620960;  1 drivers
L_0x138040130 .functor BUFT 1, C4<0>, C4<0>, C4<0>, C4<0>;
v0x6000015293b0_0 .net *"_ivl_29", 0 0, L_0x138040130;  1 drivers
v0x600001529440_0 .net *"_ivl_3", 1 0, L_0x600001620140;  1 drivers
v0x6000015294d0_0 .net *"_ivl_30", 2 0, L_0x600001620a00;  1 drivers
v0x600001529560_0 .net *"_ivl_32", 2 0, L_0x600001620aa0;  1 drivers
L_0x138040178 .functor BUFT 1, C4<00>, C4<0>, C4<0>, C4<0>;
v0x6000015295f0_0 .net *"_ivl_35", 1 0, L_0x138040178;  1 drivers
v0x600001529680_0 .net *"_ivl_36", 2 0, L_0x600001620b40;  1 drivers
v0x600001529710_0 .net *"_ivl_42", 3 0, L_0x600001621680;  1 drivers
L_0x138040010 .functor BUFT 1, C4<0>, C4<0>, C4<0>, C4<0>;
v0x6000015297a0_0 .net *"_ivl_6", 0 0, L_0x138040010;  1 drivers
v0x600001529830_0 .net *"_ivl_7", 1 0, L_0x6000016201e0;  1 drivers
v0x6000015298c0_0 .var "a", 0 0;
v0x600001529950_0 .var "a2", 1 0;
v0x6000015299e0_0 .var "a4", 3 0;
v0x600001529a70_0 .net "actual_fa2_cout", 0 0, L_0x600000c248c0;  1 drivers
v0x600001529b00_0 .net "actual_fa2_sum", 1 0, L_0x6000016206e0;  1 drivers
v0x600001529b90_0 .net "actual_fa_cout", 0 0, L_0x600000c24460;  1 drivers
v0x600001529c20_0 .net "actual_fa_sum", 0 0, L_0x600000c24380;  1 drivers
v0x600001529cb0_0 .net "actual_ha_cout", 0 0, L_0x600000c24230;  1 drivers
v0x600001529d40_0 .net "actual_ha_sum", 0 0, L_0x600000c241c0;  1 drivers
v0x600001529dd0_0 .net "actual_rca4_sum", 7 0, L_0x6000016214a0;  1 drivers
v0x600001529e60_0 .var "b", 0 0;
v0x600001529ef0_0 .var "b2", 1 0;
v0x600001529f80_0 .var "b4", 3 0;
v0x60000152a010_0 .var "cin", 0 0;
v0x60000152a0a0_0 .var/i "errors", 31 0;
v0x60000152a130_0 .net "exp_fa2_cout", 0 0, L_0x600001620780;  1 drivers
v0x60000152a1c0_0 .net "exp_fa2_sum", 1 0, L_0x600001620820;  1 drivers
v0x60000152a250_0 .net "exp_fa_cout", 0 0, L_0x600001620000;  1 drivers
v0x60000152a2e0_0 .net "exp_fa_sum", 0 0, L_0x6000016200a0;  1 drivers
v0x60000152a370_0 .net "exp_rca4_sum", 3 0, L_0x6000016215e0;  1 drivers
v0x60000152a400_0 .var/i "i", 31 0;
v0x60000152a490_0 .var/i "tests", 31 0;
L_0x600001620000 .part L_0x6000016203c0, 1, 1;
L_0x6000016200a0 .part L_0x6000016203c0, 0, 1;
L_0x600001620140 .concat [ 1 1 0 0], v0x6000015298c0_0, L_0x138040010;
L_0x6000016201e0 .concat [ 1 1 0 0], v0x600001529e60_0, L_0x138040058;
L_0x600001620280 .arith/sum 2, L_0x600001620140, L_0x6000016201e0;
L_0x600001620320 .concat [ 1 1 0 0], v0x60000152a010_0, L_0x1380400a0;
L_0x6000016203c0 .arith/sum 2, L_0x600001620280, L_0x600001620320;
L_0x600001620780 .part L_0x600001620b40, 2, 1;
L_0x600001620820 .part L_0x600001620b40, 0, 2;
L_0x6000016208c0 .concat [ 2 1 0 0], v0x600001529950_0, L_0x1380400e8;
L_0x600001620960 .concat [ 2 1 0 0], v0x600001529ef0_0, L_0x138040130;
L_0x600001620a00 .arith/sum 3, L_0x6000016208c0, L_0x600001620960;
L_0x600001620aa0 .concat [ 1 2 0 0], v0x60000152a010_0, L_0x138040178;
L_0x600001620b40 .arith/sum 3, L_0x600001620a00, L_0x600001620aa0;
L_0x600001621540 .concat [ 4 4 0 0], v0x6000015299e0_0, v0x600001529f80_0;
L_0x6000016215e0 .part L_0x600001621680, 0, 4;
L_0x600001621680 .arith/sum 4, v0x6000015299e0_0, v0x600001529f80_0;
S_0x156704330 .scope module, "fa" "fulladder" 2 31, 3 20 0, S_0x1567041c0;
 .timescale -9 -12;
    .port_info 0 /INPUT 1 "cin";
    .port_info 1 /INPUT 1 "a";
    .port_info 2 /INPUT 1 "b";
    .port_info 3 /OUTPUT 1 "s";
    .port_info 4 /OUTPUT 1 "cout";
L_0x600000c24460 .functor OR 1, L_0x600000c24310, L_0x600000c243f0, C4<0>, C4<0>;
v0x600001524480_0 .net "a", 0 0, v0x6000015298c0_0;  1 drivers
v0x600001524510_0 .net "b", 0 0, v0x600001529e60_0;  1 drivers
v0x6000015245a0_0 .net "cin", 0 0, v0x60000152a010_0;  1 drivers
v0x600001524630_0 .net "cout", 0 0, L_0x600000c24460;  alias, 1 drivers
v0x6000015246c0_0 .net "cout_tmp1", 0 0, L_0x600000c24310;  1 drivers
v0x600001524750_0 .net "cout_tmp2", 0 0, L_0x600000c243f0;  1 drivers
v0x6000015247e0_0 .net "s", 0 0, L_0x600000c24380;  alias, 1 drivers
v0x600001524870_0 .net "s_tmp", 0 0, L_0x600000c242a0;  1 drivers
S_0x1567044a0 .scope module, "h0" "halfadder" 3 27, 3 10 0, S_0x156704330;
 .timescale -9 -12;
    .port_info 0 /INPUT 1 "a";
    .port_info 1 /INPUT 1 "b";
    .port_info 2 /OUTPUT 1 "s";
    .port_info 3 /OUTPUT 1 "cout";
L_0x600000c242a0 .functor XOR 1, v0x6000015298c0_0, v0x600001529e60_0, C4<0>, C4<0>;
L_0x600000c24310 .functor AND 1, v0x6000015298c0_0, v0x600001529e60_0, C4<1>, C4<1>;
v0x600001524000_0 .net "a", 0 0, v0x6000015298c0_0;  alias, 1 drivers
v0x600001524090_0 .net "b", 0 0, v0x600001529e60_0;  alias, 1 drivers
v0x600001524120_0 .net "cout", 0 0, L_0x600000c24310;  alias, 1 drivers
v0x6000015241b0_0 .net "s", 0 0, L_0x600000c242a0;  alias, 1 drivers
S_0x156704610 .scope module, "h1" "halfadder" 3 28, 3 10 0, S_0x156704330;
 .timescale -9 -12;
    .port_info 0 /INPUT 1 "a";
    .port_info 1 /INPUT 1 "b";
    .port_info 2 /OUTPUT 1 "s";
    .port_info 3 /OUTPUT 1 "cout";
L_0x600000c24380 .functor XOR 1, L_0x600000c242a0, v0x60000152a010_0, C4<0>, C4<0>;
L_0x600000c243f0 .functor AND 1, L_0x600000c242a0, v0x60000152a010_0, C4<1>, C4<1>;
v0x600001524240_0 .net "a", 0 0, L_0x600000c242a0;  alias, 1 drivers
v0x6000015242d0_0 .net "b", 0 0, v0x60000152a010_0;  alias, 1 drivers
v0x600001524360_0 .net "cout", 0 0, L_0x600000c243f0;  alias, 1 drivers
v0x6000015243f0_0 .net "s", 0 0, L_0x600000c24380;  alias, 1 drivers
S_0x156704780 .scope module, "fa2" "fulladder2" 2 39, 3 33 0, S_0x1567041c0;
 .timescale -9 -12;
    .port_info 0 /INPUT 1 "cin";
    .port_info 1 /INPUT 2 "a";
    .port_info 2 /INPUT 2 "b";
    .port_info 3 /OUTPUT 2 "s";
    .port_info 4 /OUTPUT 1 "cout";
v0x600001525b00_0 .net "a", 1 0, v0x600001529950_0;  1 drivers
v0x600001525b90_0 .net "b", 1 0, v0x600001529ef0_0;  1 drivers
v0x600001525c20_0 .net "cin", 0 0, v0x60000152a010_0;  alias, 1 drivers
v0x600001525cb0_0 .net "cout", 0 0, L_0x600000c248c0;  alias, 1 drivers
v0x600001525d40_0 .net "cout_tmp", 0 0, L_0x600000c24690;  1 drivers
v0x600001525dd0_0 .net "s", 1 0, L_0x6000016206e0;  alias, 1 drivers
L_0x600001620460 .part v0x600001529950_0, 0, 1;
L_0x600001620500 .part v0x600001529ef0_0, 0, 1;
L_0x6000016205a0 .part v0x600001529950_0, 1, 1;
L_0x600001620640 .part v0x600001529ef0_0, 1, 1;
L_0x6000016206e0 .concat8 [ 1 1 0 0], L_0x600000c245b0, L_0x600000c247e0;
S_0x1567048f0 .scope module, "a0" "fulladder" 3 40, 3 20 0, S_0x156704780;
 .timescale -9 -12;
    .port_info 0 /INPUT 1 "cin";
    .port_info 1 /INPUT 1 "a";
    .port_info 2 /INPUT 1 "b";
    .port_info 3 /OUTPUT 1 "s";
    .port_info 4 /OUTPUT 1 "cout";
L_0x600000c24690 .functor OR 1, L_0x600000c24540, L_0x600000c24620, C4<0>, C4<0>;
v0x600001524d80_0 .net "a", 0 0, L_0x600001620460;  1 drivers
v0x600001524e10_0 .net "b", 0 0, L_0x600001620500;  1 drivers
v0x600001524ea0_0 .net "cin", 0 0, v0x60000152a010_0;  alias, 1 drivers
v0x600001524f30_0 .net "cout", 0 0, L_0x600000c24690;  alias, 1 drivers
v0x600001524fc0_0 .net "cout_tmp1", 0 0, L_0x600000c24540;  1 drivers
v0x600001525050_0 .net "cout_tmp2", 0 0, L_0x600000c24620;  1 drivers
v0x6000015250e0_0 .net "s", 0 0, L_0x600000c245b0;  1 drivers
v0x600001525170_0 .net "s_tmp", 0 0, L_0x600000c244d0;  1 drivers
S_0x156704a60 .scope module, "h0" "halfadder" 3 27, 3 10 0, S_0x1567048f0;
 .timescale -9 -12;
    .port_info 0 /INPUT 1 "a";
    .port_info 1 /INPUT 1 "b";
    .port_info 2 /OUTPUT 1 "s";
    .port_info 3 /OUTPUT 1 "cout";
L_0x600000c244d0 .functor XOR 1, L_0x600001620460, L_0x600001620500, C4<0>, C4<0>;
L_0x600000c24540 .functor AND 1, L_0x600001620460, L_0x600001620500, C4<1>, C4<1>;
v0x600001524900_0 .net "a", 0 0, L_0x600001620460;  alias, 1 drivers
v0x600001524990_0 .net "b", 0 0, L_0x600001620500;  alias, 1 drivers
v0x600001524a20_0 .net "cout", 0 0, L_0x600000c24540;  alias, 1 drivers
v0x600001524ab0_0 .net "s", 0 0, L_0x600000c244d0;  alias, 1 drivers
S_0x156704bd0 .scope module, "h1" "halfadder" 3 28, 3 10 0, S_0x1567048f0;
 .timescale -9 -12;
    .port_info 0 /INPUT 1 "a";
    .port_info 1 /INPUT 1 "b";
    .port_info 2 /OUTPUT 1 "s";
    .port_info 3 /OUTPUT 1 "cout";
L_0x600000c245b0 .functor XOR 1, L_0x600000c244d0, v0x60000152a010_0, C4<0>, C4<0>;
L_0x600000c24620 .functor AND 1, L_0x600000c244d0, v0x60000152a010_0, C4<1>, C4<1>;
v0x600001524b40_0 .net "a", 0 0, L_0x600000c244d0;  alias, 1 drivers
v0x600001524bd0_0 .net "b", 0 0, v0x60000152a010_0;  alias, 1 drivers
v0x600001524c60_0 .net "cout", 0 0, L_0x600000c24620;  alias, 1 drivers
v0x600001524cf0_0 .net "s", 0 0, L_0x600000c245b0;  alias, 1 drivers
S_0x156704d40 .scope module, "a1" "fulladder" 3 41, 3 20 0, S_0x156704780;
 .timescale -9 -12;
    .port_info 0 /INPUT 1 "cin";
    .port_info 1 /INPUT 1 "a";
    .port_info 2 /INPUT 1 "b";
    .port_info 3 /OUTPUT 1 "s";
    .port_info 4 /OUTPUT 1 "cout";
L_0x600000c248c0 .functor OR 1, L_0x600000c24770, L_0x600000c24850, C4<0>, C4<0>;
v0x600001525680_0 .net "a", 0 0, L_0x6000016205a0;  1 drivers
v0x600001525710_0 .net "b", 0 0, L_0x600001620640;  1 drivers
v0x6000015257a0_0 .net "cin", 0 0, L_0x600000c24690;  alias, 1 drivers
v0x600001525830_0 .net "cout", 0 0, L_0x600000c248c0;  alias, 1 drivers
v0x6000015258c0_0 .net "cout_tmp1", 0 0, L_0x600000c24770;  1 drivers
v0x600001525950_0 .net "cout_tmp2", 0 0, L_0x600000c24850;  1 drivers
v0x6000015259e0_0 .net "s", 0 0, L_0x600000c247e0;  1 drivers
v0x600001525a70_0 .net "s_tmp", 0 0, L_0x600000c24700;  1 drivers
S_0x156704eb0 .scope module, "h0" "halfadder" 3 27, 3 10 0, S_0x156704d40;
 .timescale -9 -12;
    .port_info 0 /INPUT 1 "a";
    .port_info 1 /INPUT 1 "b";
    .port_info 2 /OUTPUT 1 "s";
    .port_info 3 /OUTPUT 1 "cout";
L_0x600000c24700 .functor XOR 1, L_0x6000016205a0, L_0x600001620640, C4<0>, C4<0>;
L_0x600000c24770 .functor AND 1, L_0x6000016205a0, L_0x600001620640, C4<1>, C4<1>;
v0x600001525200_0 .net "a", 0 0, L_0x6000016205a0;  alias, 1 drivers
v0x600001525290_0 .net "b", 0 0, L_0x600001620640;  alias, 1 drivers
v0x600001525320_0 .net "cout", 0 0, L_0x600000c24770;  alias, 1 drivers
v0x6000015253b0_0 .net "s", 0 0, L_0x600000c24700;  alias, 1 drivers
S_0x156705020 .scope module, "h1" "halfadder" 3 28, 3 10 0, S_0x156704d40;
 .timescale -9 -12;
    .port_info 0 /INPUT 1 "a";
    .port_info 1 /INPUT 1 "b";
    .port_info 2 /OUTPUT 1 "s";
    .port_info 3 /OUTPUT 1 "cout";
L_0x600000c247e0 .functor XOR 1, L_0x600000c24700, L_0x600000c24690, C4<0>, C4<0>;
L_0x600000c24850 .functor AND 1, L_0x600000c24700, L_0x600000c24690, C4<1>, C4<1>;
v0x600001525440_0 .net "a", 0 0, L_0x600000c24700;  alias, 1 drivers
v0x6000015254d0_0 .net "b", 0 0, L_0x600000c24690;  alias, 1 drivers
v0x600001525560_0 .net "cout", 0 0, L_0x600000c24850;  alias, 1 drivers
v0x6000015255f0_0 .net "s", 0 0, L_0x600000c247e0;  alias, 1 drivers
S_0x156705190 .scope module, "ha" "halfadder" 2 26, 3 10 0, S_0x1567041c0;
 .timescale -9 -12;
    .port_info 0 /INPUT 1 "a";
    .port_info 1 /INPUT 1 "b";
    .port_info 2 /OUTPUT 1 "s";
    .port_info 3 /OUTPUT 1 "cout";
L_0x600000c241c0 .functor XOR 1, v0x6000015298c0_0, v0x600001529e60_0, C4<0>, C4<0>;
L_0x600000c24230 .functor AND 1, v0x6000015298c0_0, v0x600001529e60_0, C4<1>, C4<1>;
v0x600001525e60_0 .net "a", 0 0, v0x6000015298c0_0;  alias, 1 drivers
v0x600001525ef0_0 .net "b", 0 0, v0x600001529e60_0;  alias, 1 drivers
v0x600001525f80_0 .net "cout", 0 0, L_0x600000c24230;  alias, 1 drivers
v0x600001526010_0 .net "s", 0 0, L_0x600000c241c0;  alias, 1 drivers
S_0x156705300 .scope task, "printPoints" "printPoints" 4 1, 4 1 0, S_0x1567041c0;
 .timescale -9 -12;
v0x6000015260a0_0 .var "actual", 31 0;
v0x600001526130_0 .var "possible", 31 0;
TD_test_adders.printPoints ;
    %vpi_call 4 4 "$display", "<scorePossible>%d</scorePossible>", v0x600001526130_0 {0 0 0};
    %vpi_call 4 5 "$display", "<scoreActual>%d</scoreActual>", v0x6000015260a0_0 {0 0 0};
    %end;
S_0x156705470 .scope module, "r0" "rca4" 2 45, 3 47 0, S_0x1567041c0;
 .timescale -9 -12;
    .port_info 0 /INPUT 8 "SWITCH";
    .port_info 1 /OUTPUT 8 "LED";
v0x600001528cf0_0 .net "LED", 7 0, L_0x6000016214a0;  alias, 1 drivers
v0x600001528d80_0 .net "SWITCH", 7 0, L_0x600001621540;  1 drivers
L_0x138040208 .functor BUFT 1, C4<0000>, C4<0>, C4<0>, C4<0>;
v0x600001528e10_0 .net/2u *"_ivl_17", 3 0, L_0x138040208;  1 drivers
v0x600001528ea0_0 .net "cout0", 0 0, L_0x600000c24d90;  1 drivers
L_0x600001620f00 .part L_0x600001621540, 0, 2;
L_0x600001620fa0 .part L_0x600001621540, 4, 2;
L_0x600001621360 .part L_0x600001621540, 2, 2;
L_0x600001621400 .part L_0x600001621540, 6, 2;
L_0x6000016214a0 .concat8 [ 2 2 4 0], L_0x600001620e60, L_0x6000016212c0, L_0x138040208;
S_0x1567055e0 .scope module, "a0" "fulladder2" 3 50, 3 33 0, S_0x156705470;
 .timescale -9 -12;
    .port_info 0 /INPUT 1 "cin";
    .port_info 1 /INPUT 2 "a";
    .port_info 2 /INPUT 2 "b";
    .port_info 3 /OUTPUT 2 "s";
    .port_info 4 /OUTPUT 1 "cout";
v0x6000015273c0_0 .net "a", 1 0, L_0x600001620f00;  1 drivers
v0x600001527450_0 .net "b", 1 0, L_0x600001620fa0;  1 drivers
L_0x1380401c0 .functor BUFT 1, C4<0>, C4<0>, C4<0>, C4<0>;
v0x6000015274e0_0 .net "cin", 0 0, L_0x1380401c0;  1 drivers
v0x600001527570_0 .net "cout", 0 0, L_0x600000c24d90;  alias, 1 drivers
v0x600001527600_0 .net "cout_tmp", 0 0, L_0x600000c24b60;  1 drivers
v0x600001527690_0 .net "s", 1 0, L_0x600001620e60;  1 drivers
L_0x600001620be0 .part L_0x600001620f00, 0, 1;
L_0x600001620c80 .part L_0x600001620fa0, 0, 1;
L_0x600001620d20 .part L_0x600001620f00, 1, 1;
L_0x600001620dc0 .part L_0x600001620fa0, 1, 1;
L_0x600001620e60 .concat8 [ 1 1 0 0], L_0x600000c24a80, L_0x600000c24cb0;
S_0x156705750 .scope module, "a0" "fulladder" 3 40, 3 20 0, S_0x1567055e0;
 .timescale -9 -12;
    .port_info 0 /INPUT 1 "cin";
    .port_info 1 /INPUT 1 "a";
    .port_info 2 /INPUT 1 "b";
    .port_info 3 /OUTPUT 1 "s";
    .port_info 4 /OUTPUT 1 "cout";
L_0x600000c24b60 .functor OR 1, L_0x600000c24a10, L_0x600000c24af0, C4<0>, C4<0>;
v0x600001526640_0 .net "a", 0 0, L_0x600001620be0;  1 drivers
v0x6000015266d0_0 .net "b", 0 0, L_0x600001620c80;  1 drivers
v0x600001526760_0 .net "cin", 0 0, L_0x1380401c0;  alias, 1 drivers
v0x6000015267f0_0 .net "cout", 0 0, L_0x600000c24b60;  alias, 1 drivers
v0x600001526880_0 .net "cout_tmp1", 0 0, L_0x600000c24a10;  1 drivers
v0x600001526910_0 .net "cout_tmp2", 0 0, L_0x600000c24af0;  1 drivers
v0x6000015269a0_0 .net "s", 0 0, L_0x600000c24a80;  1 drivers
v0x600001526a30_0 .net "s_tmp", 0 0, L_0x600000c249a0;  1 drivers
S_0x1567058c0 .scope module, "h0" "halfadder" 3 27, 3 10 0, S_0x156705750;
 .timescale -9 -12;
    .port_info 0 /INPUT 1 "a";
    .port_info 1 /INPUT 1 "b";
    .port_info 2 /OUTPUT 1 "s";
    .port_info 3 /OUTPUT 1 "cout";
L_0x600000c249a0 .functor XOR 1, L_0x600001620be0, L_0x600001620c80, C4<0>, C4<0>;
L_0x600000c24a10 .functor AND 1, L_0x600001620be0, L_0x600001620c80, C4<1>, C4<1>;
v0x6000015261c0_0 .net "a", 0 0, L_0x600001620be0;  alias, 1 drivers
v0x600001526250_0 .net "b", 0 0, L_0x600001620c80;  alias, 1 drivers
v0x6000015262e0_0 .net "cout", 0 0, L_0x600000c24a10;  alias, 1 drivers
v0x600001526370_0 .net "s", 0 0, L_0x600000c249a0;  alias, 1 drivers
S_0x156705a30 .scope module, "h1" "halfadder" 3 28, 3 10 0, S_0x156705750;
 .timescale -9 -12;
    .port_info 0 /INPUT 1 "a";
    .port_info 1 /INPUT 1 "b";
    .port_info 2 /OUTPUT 1 "s";
    .port_info 3 /OUTPUT 1 "cout";
L_0x600000c24a80 .functor XOR 1, L_0x600000c249a0, L_0x1380401c0, C4<0>, C4<0>;
L_0x600000c24af0 .functor AND 1, L_0x600000c249a0, L_0x1380401c0, C4<1>, C4<1>;
v0x600001526400_0 .net "a", 0 0, L_0x600000c249a0;  alias, 1 drivers
v0x600001526490_0 .net "b", 0 0, L_0x1380401c0;  alias, 1 drivers
v0x600001526520_0 .net "cout", 0 0, L_0x600000c24af0;  alias, 1 drivers
v0x6000015265b0_0 .net "s", 0 0, L_0x600000c24a80;  alias, 1 drivers
S_0x156705ba0 .scope module, "a1" "fulladder" 3 41, 3 20 0, S_0x1567055e0;
 .timescale -9 -12;
    .port_info 0 /INPUT 1 "cin";
    .port_info 1 /INPUT 1 "a";
    .port_info 2 /INPUT 1 "b";
    .port_info 3 /OUTPUT 1 "s";
    .port_info 4 /OUTPUT 1 "cout";
L_0x600000c24d90 .functor OR 1, L_0x600000c24c40, L_0x600000c24d20, C4<0>, C4<0>;
v0x600001526f40_0 .net "a", 0 0, L_0x600001620d20;  1 drivers
v0x600001526fd0_0 .net "b", 0 0, L_0x600001620dc0;  1 drivers
v0x600001527060_0 .net "cin", 0 0, L_0x600000c24b60;  alias, 1 drivers
v0x6000015270f0_0 .net "cout", 0 0, L_0x600000c24d90;  alias, 1 drivers
v0x600001527180_0 .net "cout_tmp1", 0 0, L_0x600000c24c40;  1 drivers
v0x600001527210_0 .net "cout_tmp2", 0 0, L_0x600000c24d20;  1 drivers
v0x6000015272a0_0 .net "s", 0 0, L_0x600000c24cb0;  1 drivers
v0x600001527330_0 .net "s_tmp", 0 0, L_0x600000c24bd0;  1 drivers
S_0x156705d10 .scope module, "h0" "halfadder" 3 27, 3 10 0, S_0x156705ba0;
 .timescale -9 -12;
    .port_info 0 /INPUT 1 "a";
    .port_info 1 /INPUT 1 "b";
    .port_info 2 /OUTPUT 1 "s";
    .port_info 3 /OUTPUT 1 "cout";
L_0x600000c24bd0 .functor XOR 1, L_0x600001620d20, L_0x600001620dc0, C4<0>, C4<0>;
L_0x600000c24c40 .functor AND 1, L_0x600001620d20, L_0x600001620dc0, C4<1>, C4<1>;
v0x600001526ac0_0 .net "a", 0 0, L_0x600001620d20;  alias, 1 drivers
v0x600001526b50_0 .net "b", 0 0, L_0x600001620dc0;  alias, 1 drivers
v0x600001526be0_0 .net "cout", 0 0, L_0x600000c24c40;  alias, 1 drivers
v0x600001526c70_0 .net "s", 0 0, L_0x600000c24bd0;  alias, 1 drivers
S_0x156705e80 .scope module, "h1" "halfadder" 3 28, 3 10 0, S_0x156705ba0;
 .timescale -9 -12;
    .port_info 0 /INPUT 1 "a";
    .port_info 1 /INPUT 1 "b";
    .port_info 2 /OUTPUT 1 "s";
    .port_info 3 /OUTPUT 1 "cout";
L_0x600000c24cb0 .functor XOR 1, L_0x600000c24bd0, L_0x600000c24b60, C4<0>, C4<0>;
L_0x600000c24d20 .functor AND 1, L_0x600000c24bd0, L_0x600000c24b60, C4<1>, C4<1>;
v0x600001526d00_0 .net "a", 0 0, L_0x600000c24bd0;  alias, 1 drivers
v0x600001526d90_0 .net "b", 0 0, L_0x600000c24b60;  alias, 1 drivers
v0x600001526e20_0 .net "cout", 0 0, L_0x600000c24d20;  alias, 1 drivers
v0x600001526eb0_0 .net "s", 0 0, L_0x600000c24cb0;  alias, 1 drivers
S_0x156705ff0 .scope module, "a3" "fulladder2" 3 51, 3 33 0, S_0x156705470;
 .timescale -9 -12;
    .port_info 0 /INPUT 1 "cin";
    .port_info 1 /INPUT 2 "a";
    .port_info 2 /INPUT 2 "b";
    .port_info 3 /OUTPUT 2 "s";
    .port_info 4 /OUTPUT 1 "cout";
v0x600001528990_0 .net "a", 1 0, L_0x600001621360;  1 drivers
v0x600001528a20_0 .net "b", 1 0, L_0x600001621400;  1 drivers
v0x600001528ab0_0 .net "cin", 0 0, L_0x600000c24d90;  alias, 1 drivers
v0x600001528b40_0 .net "cout", 0 0, L_0x600000c251f0;  1 drivers
v0x600001528bd0_0 .net "cout_tmp", 0 0, L_0x600000c24fc0;  1 drivers
v0x600001528c60_0 .net "s", 1 0, L_0x6000016212c0;  1 drivers
L_0x600001621040 .part L_0x600001621360, 0, 1;
L_0x6000016210e0 .part L_0x600001621400, 0, 1;
L_0x600001621180 .part L_0x600001621360, 1, 1;
L_0x600001621220 .part L_0x600001621400, 1, 1;
L_0x6000016212c0 .concat8 [ 1 1 0 0], L_0x600000c24ee0, L_0x600000c25110;
S_0x156706160 .scope module, "a0" "fulladder" 3 40, 3 20 0, S_0x156705ff0;
 .timescale -9 -12;
    .port_info 0 /INPUT 1 "cin";
    .port_info 1 /INPUT 1 "a";
    .port_info 2 /INPUT 1 "b";
    .port_info 3 /OUTPUT 1 "s";
    .port_info 4 /OUTPUT 1 "cout";
L_0x600000c24fc0 .functor OR 1, L_0x600000c24e70, L_0x600000c24f50, C4<0>, C4<0>;
v0x600001527ba0_0 .net "a", 0 0, L_0x600001621040;  1 drivers
v0x600001527c30_0 .net "b", 0 0, L_0x6000016210e0;  1 drivers
v0x600001527cc0_0 .net "cin", 0 0, L_0x600000c24d90;  alias, 1 drivers
v0x600001527d50_0 .net "cout", 0 0, L_0x600000c24fc0;  alias, 1 drivers
v0x600001527de0_0 .net "cout_tmp1", 0 0, L_0x600000c24e70;  1 drivers
v0x600001527e70_0 .net "cout_tmp2", 0 0, L_0x600000c24f50;  1 drivers
v0x600001527f00_0 .net "s", 0 0, L_0x600000c24ee0;  1 drivers
v0x600001528000_0 .net "s_tmp", 0 0, L_0x600000c24e00;  1 drivers
S_0x1567062d0 .scope module, "h0" "halfadder" 3 27, 3 10 0, S_0x156706160;
 .timescale -9 -12;
    .port_info 0 /INPUT 1 "a";
    .port_info 1 /INPUT 1 "b";
    .port_info 2 /OUTPUT 1 "s";
    .port_info 3 /OUTPUT 1 "cout";
L_0x600000c24e00 .functor XOR 1, L_0x600001621040, L_0x6000016210e0, C4<0>, C4<0>;
L_0x600000c24e70 .functor AND 1, L_0x600001621040, L_0x6000016210e0, C4<1>, C4<1>;
v0x600001527720_0 .net "a", 0 0, L_0x600001621040;  alias, 1 drivers
v0x6000015277b0_0 .net "b", 0 0, L_0x6000016210e0;  alias, 1 drivers
v0x600001527840_0 .net "cout", 0 0, L_0x600000c24e70;  alias, 1 drivers
v0x6000015278d0_0 .net "s", 0 0, L_0x600000c24e00;  alias, 1 drivers
S_0x156706440 .scope module, "h1" "halfadder" 3 28, 3 10 0, S_0x156706160;
 .timescale -9 -12;
    .port_info 0 /INPUT 1 "a";
    .port_info 1 /INPUT 1 "b";
    .port_info 2 /OUTPUT 1 "s";
    .port_info 3 /OUTPUT 1 "cout";
L_0x600000c24ee0 .functor XOR 1, L_0x600000c24e00, L_0x600000c24d90, C4<0>, C4<0>;
L_0x600000c24f50 .functor AND 1, L_0x600000c24e00, L_0x600000c24d90, C4<1>, C4<1>;
v0x600001527960_0 .net "a", 0 0, L_0x600000c24e00;  alias, 1 drivers
v0x6000015279f0_0 .net "b", 0 0, L_0x600000c24d90;  alias, 1 drivers
v0x600001527a80_0 .net "cout", 0 0, L_0x600000c24f50;  alias, 1 drivers
v0x600001527b10_0 .net "s", 0 0, L_0x600000c24ee0;  alias, 1 drivers
S_0x1567065b0 .scope module, "a1" "fulladder" 3 41, 3 20 0, S_0x156705ff0;
 .timescale -9 -12;
    .port_info 0 /INPUT 1 "cin";
    .port_info 1 /INPUT 1 "a";
    .port_info 2 /INPUT 1 "b";
    .port_info 3 /OUTPUT 1 "s";
    .port_info 4 /OUTPUT 1 "cout";
L_0x600000c251f0 .functor OR 1, L_0x600000c250a0, L_0x600000c25180, C4<0>, C4<0>;
v0x600001528510_0 .net "a", 0 0, L_0x600001621180;  1 drivers
v0x6000015285a0_0 .net "b", 0 0, L_0x600001621220;  1 drivers
v0x600001528630_0 .net "cin", 0 0, L_0x600000c24fc0;  alias, 1 drivers
v0x6000015286c0_0 .net "cout", 0 0, L_0x600000c251f0;  alias, 1 drivers
v0x600001528750_0 .net "cout_tmp1", 0 0, L_0x600000c250a0;  1 drivers
v0x6000015287e0_0 .net "cout_tmp2", 0 0, L_0x600000c25180;  1 drivers
v0x600001528870_0 .net "s", 0 0, L_0x600000c25110;  1 drivers
v0x600001528900_0 .net "s_tmp", 0 0, L_0x600000c25030;  1 drivers
S_0x156706720 .scope module, "h0" "halfadder" 3 27, 3 10 0, S_0x1567065b0;
 .timescale -9 -12;
    .port_info 0 /INPUT 1 "a";
    .port_info 1 /INPUT 1 "b";
    .port_info 2 /OUTPUT 1 "s";
    .port_info 3 /OUTPUT 1 "cout";
L_0x600000c25030 .functor XOR 1, L_0x600001621180, L_0x600001621220, C4<0>, C4<0>;
L_0x600000c250a0 .functor AND 1, L_0x600001621180, L_0x600001621220, C4<1>, C4<1>;
v0x600001528090_0 .net "a", 0 0, L_0x600001621180;  alias, 1 drivers
v0x600001528120_0 .net "b", 0 0, L_0x600001621220;  alias, 1 drivers
v0x6000015281b0_0 .net "cout", 0 0, L_0x600000c250a0;  alias, 1 drivers
v0x600001528240_0 .net "s", 0 0, L_0x600000c25030;  alias, 1 drivers
S_0x156706890 .scope module, "h1" "halfadder" 3 28, 3 10 0, S_0x1567065b0;
 .timescale -9 -12;
    .port_info 0 /INPUT 1 "a";
    .port_info 1 /INPUT 1 "b";
    .port_info 2 /OUTPUT 1 "s";
    .port_info 3 /OUTPUT 1 "cout";
L_0x600000c25110 .functor XOR 1, L_0x600000c25030, L_0x600000c24fc0, C4<0>, C4<0>;
L_0x600000c25180 .functor AND 1, L_0x600000c25030, L_0x600000c24fc0, C4<1>, C4<1>;
v0x6000015282d0_0 .net "a", 0 0, L_0x600000c25030;  alias, 1 drivers
v0x600001528360_0 .net "b", 0 0, L_0x600000c24fc0;  alias, 1 drivers
v0x6000015283f0_0 .net "cout", 0 0, L_0x600000c25180;  alias, 1 drivers
v0x600001528480_0 .net "s", 0 0, L_0x600000c25110;  alias, 1 drivers
    .scope S_0x1567041c0;
T_1 ;
    %vpi_call 2 52 "$dumpfile", "rca.vcd" {0 0 0};
    %vpi_call 2 53 "$dumpvars" {0 0 0};
    %pushi/vec4 0, 0, 1;
    %store/vec4 v0x6000015298c0_0, 0, 1;
    %pushi/vec4 0, 0, 1;
    %store/vec4 v0x600001529e60_0, 0, 1;
    %pushi/vec4 0, 0, 32;
    %store/vec4 v0x60000152a0a0_0, 0, 32;
    %pushi/vec4 0, 0, 32;
    %store/vec4 v0x60000152a490_0, 0, 32;
    %delay 100000, 0;
    %pushi/vec4 0, 0, 32;
    %store/vec4 v0x60000152a400_0, 0, 32;
T_1.0 ;
    %load/vec4 v0x60000152a400_0;
    %cmpi/s 3, 0, 32;
    %flag_or 5, 4;
    %jmp/0xz T_1.1, 5;
    %load/vec4 v0x60000152a400_0;
    %parti/s 1, 0, 2;
    %store/vec4 v0x6000015298c0_0, 0, 1;
    %load/vec4 v0x60000152a400_0;
    %parti/s 1, 1, 2;
    %store/vec4 v0x600001529e60_0, 0, 1;
    %delay 6000, 0;
    %load/vec4 v0x60000152a490_0;
    %addi 2, 0, 32;
    %store/vec4 v0x60000152a490_0, 0, 32;
    %load/vec4 v0x60000152a400_0;
    %dup/vec4;
    %pushi/vec4 0, 0, 32;
    %cmp/u;
    %jmp/1 T_1.2, 6;
    %dup/vec4;
    %pushi/vec4 3, 0, 32;
    %cmp/u;
    %jmp/1 T_1.3, 6;
    %dup/vec4;
    %pushi/vec4 1, 0, 32;
    %cmp/u;
    %jmp/1 T_1.4, 6;
    %dup/vec4;
    %pushi/vec4 2, 0, 32;
    %cmp/u;
    %jmp/1 T_1.5, 6;
    %jmp T_1.6;
T_1.2 ;
    %load/vec4 v0x600001529d40_0;
    %pad/u 32;
    %cmpi/ne 0, 0, 32;
    %jmp/0xz  T_1.7, 6;
    %load/vec4 v0x60000152a0a0_0;
    %cmpi/s 15, 0, 32;
    %jmp/0xz  T_1.9, 5;
    %vpi_call 2 78 "$display", "[halfadder] ERROR: %b + %b should produce sum=0 but was %b instead", v0x6000015298c0_0, v0x600001529e60_0, v0x600001529d40_0 {0 0 0};
T_1.9 ;
    %load/vec4 v0x60000152a0a0_0;
    %addi 1, 0, 32;
    %store/vec4 v0x60000152a0a0_0, 0, 32;
T_1.7 ;
    %jmp T_1.6;
T_1.3 ;
    %load/vec4 v0x600001529d40_0;
    %pad/u 32;
    %cmpi/ne 0, 0, 32;
    %jmp/0xz  T_1.11, 6;
    %load/vec4 v0x60000152a0a0_0;
    %cmpi/s 15, 0, 32;
    %jmp/0xz  T_1.13, 5;
    %vpi_call 2 78 "$display", "[halfadder] ERROR: %b + %b should produce sum=0 but was %b instead", v0x6000015298c0_0, v0x600001529e60_0, v0x600001529d40_0 {0 0 0};
T_1.13 ;
    %load/vec4 v0x60000152a0a0_0;
    %addi 1, 0, 32;
    %store/vec4 v0x60000152a0a0_0, 0, 32;
T_1.11 ;
    %jmp T_1.6;
T_1.4 ;
    %load/vec4 v0x600001529d40_0;
    %pad/u 32;
    %cmpi/ne 1, 0, 32;
    %jmp/0xz  T_1.15, 6;
    %load/vec4 v0x60000152a0a0_0;
    %cmpi/s 15, 0, 32;
    %jmp/0xz  T_1.17, 5;
    %vpi_call 2 85 "$display", "[halfadder] ERROR: %b + %b should produce sum=1 but was %b instead", v0x6000015298c0_0, v0x600001529e60_0, v0x600001529d40_0 {0 0 0};
T_1.17 ;
    %load/vec4 v0x60000152a0a0_0;
    %addi 1, 0, 32;
    %store/vec4 v0x60000152a0a0_0, 0, 32;
T_1.15 ;
    %jmp T_1.6;
T_1.5 ;
    %load/vec4 v0x600001529d40_0;
    %pad/u 32;
    %cmpi/ne 1, 0, 32;
    %jmp/0xz  T_1.19, 6;
    %load/vec4 v0x60000152a0a0_0;
    %cmpi/s 15, 0, 32;
    %jmp/0xz  T_1.21, 5;
    %vpi_call 2 85 "$display", "[halfadder] ERROR: %b + %b should produce sum=1 but was %b instead", v0x6000015298c0_0, v0x600001529e60_0, v0x600001529d40_0 {0 0 0};
T_1.21 ;
    %load/vec4 v0x60000152a0a0_0;
    %addi 1, 0, 32;
    %store/vec4 v0x60000152a0a0_0, 0, 32;
T_1.19 ;
    %jmp T_1.6;
T_1.6 ;
    %pop/vec4 1;
    %load/vec4 v0x60000152a400_0;
    %cmpi/s 3, 0, 32;
    %flag_get/vec4 5;
    %pushi/vec4 0, 0, 32;
    %load/vec4 v0x600001529cb0_0;
    %pad/u 32;
    %cmp/ne;
    %flag_get/vec4 6;
    %and;
    %flag_set/vec4 8;
    %jmp/0xz  T_1.23, 8;
    %load/vec4 v0x60000152a0a0_0;
    %cmpi/s 15, 0, 32;
    %jmp/0xz  T_1.25, 5;
    %vpi_call 2 94 "$display", "[halfadder] ERROR: %b + %b should produce cout=0 but was %b instead", v0x6000015298c0_0, v0x600001529e60_0, v0x600001529cb0_0 {0 0 0};
T_1.25 ;
    %load/vec4 v0x60000152a0a0_0;
    %addi 1, 0, 32;
    %store/vec4 v0x60000152a0a0_0, 0, 32;
T_1.23 ;
    %load/vec4 v0x60000152a400_0;
    %pushi/vec4 3, 0, 32;
    %cmp/e;
    %flag_get/vec4 4;
    %pushi/vec4 1, 0, 32;
    %load/vec4 v0x600001529cb0_0;
    %pad/u 32;
    %cmp/ne;
    %flag_get/vec4 6;
    %and;
    %flag_set/vec4 8;
    %jmp/0xz  T_1.27, 8;
    %load/vec4 v0x60000152a0a0_0;
    %cmpi/s 15, 0, 32;
    %jmp/0xz  T_1.29, 5;
    %vpi_call 2 100 "$display", "[halfadder] ERROR: %b + %b should produce cout=1 but was %b instead", v0x6000015298c0_0, v0x600001529e60_0, v0x600001529cb0_0 {0 0 0};
T_1.29 ;
    %load/vec4 v0x60000152a0a0_0;
    %addi 1, 0, 32;
    %store/vec4 v0x60000152a0a0_0, 0, 32;
T_1.27 ;
    %load/vec4 v0x60000152a400_0;
    %addi 1, 0, 32;
    %store/vec4 v0x60000152a400_0, 0, 32;
    %jmp T_1.0;
T_1.1 ;
    %pushi/vec4 0, 0, 32;
    %store/vec4 v0x60000152a400_0, 0, 32;
T_1.31 ;
    %load/vec4 v0x60000152a400_0;
    %cmpi/s 7, 0, 32;
    %flag_or 5, 4;
    %jmp/0xz T_1.32, 5;
    %load/vec4 v0x60000152a400_0;
    %parti/s 1, 0, 2;
    %store/vec4 v0x6000015298c0_0, 0, 1;
    %load/vec4 v0x60000152a400_0;
    %parti/s 1, 1, 2;
    %store/vec4 v0x600001529e60_0, 0, 1;
    %load/vec4 v0x60000152a400_0;
    %parti/s 1, 2, 3;
    %store/vec4 v0x60000152a010_0, 0, 1;
    %delay 6000, 0;
    %load/vec4 v0x60000152a490_0;
    %addi 2, 0, 32;
    %store/vec4 v0x60000152a490_0, 0, 32;
    %load/vec4 v0x60000152a250_0;
    %load/vec4 v0x600001529b90_0;
    %cmp/ne;
    %jmp/0xz  T_1.33, 6;
    %load/vec4 v0x60000152a0a0_0;
    %cmpi/s 15, 0, 32;
    %jmp/0xz  T_1.35, 5;
    %vpi_call 2 120 "$display", "[fulladder] ERROR: %b + %b should produce cout=%b but was %b instead", v0x6000015298c0_0, v0x600001529e60_0, v0x60000152a250_0, v0x600001529b90_0 {0 0 0};
T_1.35 ;
    %load/vec4 v0x60000152a0a0_0;
    %addi 1, 0, 32;
    %store/vec4 v0x60000152a0a0_0, 0, 32;
T_1.33 ;
    %load/vec4 v0x60000152a2e0_0;
    %load/vec4 v0x600001529c20_0;
    %cmp/ne;
    %jmp/0xz  T_1.37, 6;
    %load/vec4 v0x60000152a0a0_0;
    %cmpi/s 15, 0, 32;
    %jmp/0xz  T_1.39, 5;
    %vpi_call 2 126 "$display", "[fulladder] ERROR: %b + %b should produce sum=%b but was %b instead", v0x6000015298c0_0, v0x600001529e60_0, v0x60000152a2e0_0, v0x600001529c20_0 {0 0 0};
T_1.39 ;
    %load/vec4 v0x60000152a0a0_0;
    %addi 1, 0, 32;
    %store/vec4 v0x60000152a0a0_0, 0, 32;
T_1.37 ;
    %load/vec4 v0x60000152a400_0;
    %addi 1, 0, 32;
    %store/vec4 v0x60000152a400_0, 0, 32;
    %jmp T_1.31;
T_1.32 ;
    %pushi/vec4 0, 0, 32;
    %store/vec4 v0x60000152a400_0, 0, 32;
T_1.41 ;
    %load/vec4 v0x60000152a400_0;
    %cmpi/s 31, 0, 32;
    %flag_or 5, 4;
    %jmp/0xz T_1.42, 5;
    %load/vec4 v0x60000152a400_0;
    %parti/s 2, 0, 2;
    %store/vec4 v0x600001529950_0, 0, 2;
    %load/vec4 v0x60000152a400_0;
    %parti/s 2, 2, 3;
    %store/vec4 v0x600001529ef0_0, 0, 2;
    %load/vec4 v0x60000152a400_0;
    %parti/s 1, 4, 4;
    %store/vec4 v0x60000152a010_0, 0, 1;
    %delay 6000, 0;
    %load/vec4 v0x60000152a490_0;
    %addi 2, 0, 32;
    %store/vec4 v0x60000152a490_0, 0, 32;
    %load/vec4 v0x60000152a130_0;
    %load/vec4 v0x600001529a70_0;
    %cmp/ne;
    %jmp/0xz  T_1.43, 6;
    %load/vec4 v0x60000152a0a0_0;
    %cmpi/s 15, 0, 32;
    %jmp/0xz  T_1.45, 5;
    %vpi_call 2 145 "$display", "[fulladder2] ERROR: %b + %b should produce cout=%b but was %b instead", v0x600001529950_0, v0x600001529ef0_0, v0x60000152a130_0, v0x600001529a70_0 {0 0 0};
T_1.45 ;
    %load/vec4 v0x60000152a0a0_0;
    %addi 1, 0, 32;
    %store/vec4 v0x60000152a0a0_0, 0, 32;
T_1.43 ;
    %load/vec4 v0x60000152a1c0_0;
    %load/vec4 v0x600001529b00_0;
    %cmp/ne;
    %jmp/0xz  T_1.47, 6;
    %load/vec4 v0x60000152a0a0_0;
    %cmpi/s 15, 0, 32;
    %jmp/0xz  T_1.49, 5;
    %vpi_call 2 151 "$display", "[fulladder2] ERROR: %b + %b should produce sum=%b but was %b instead", v0x600001529950_0, v0x600001529ef0_0, v0x60000152a1c0_0, v0x600001529b00_0 {0 0 0};
T_1.49 ;
    %load/vec4 v0x60000152a0a0_0;
    %addi 1, 0, 32;
    %store/vec4 v0x60000152a0a0_0, 0, 32;
T_1.47 ;
    %load/vec4 v0x60000152a400_0;
    %addi 1, 0, 32;
    %store/vec4 v0x60000152a400_0, 0, 32;
    %jmp T_1.41;
T_1.42 ;
    %pushi/vec4 0, 0, 32;
    %store/vec4 v0x60000152a400_0, 0, 32;
T_1.51 ;
    %load/vec4 v0x60000152a400_0;
    %cmpi/s 255, 0, 32;
    %flag_or 5, 4;
    %jmp/0xz T_1.52, 5;
    %load/vec4 v0x60000152a400_0;
    %parti/s 4, 0, 2;
    %store/vec4 v0x6000015299e0_0, 0, 4;
    %load/vec4 v0x60000152a400_0;
    %parti/s 4, 4, 4;
    %store/vec4 v0x600001529f80_0, 0, 4;
    %delay 6000, 0;
    %load/vec4 v0x60000152a490_0;
    %addi 1, 0, 32;
    %store/vec4 v0x60000152a490_0, 0, 32;
    %load/vec4 v0x60000152a370_0;
    %pad/u 8;
    %load/vec4 v0x600001529dd0_0;
    %cmp/ne;
    %jmp/0xz  T_1.53, 6;
    %load/vec4 v0x60000152a0a0_0;
    %cmpi/s 15, 0, 32;
    %jmp/0xz  T_1.55, 5;
    %vpi_call 2 170 "$display", "[rca4] ERROR: %b + %b should produce sum=%b but was %b instead", v0x6000015299e0_0, v0x600001529f80_0, v0x60000152a370_0, v0x600001529dd0_0 {0 0 0};
T_1.55 ;
    %load/vec4 v0x60000152a0a0_0;
    %addi 1, 0, 32;
    %store/vec4 v0x60000152a0a0_0, 0, 32;
T_1.53 ;
    %load/vec4 v0x60000152a400_0;
    %addi 1, 0, 32;
    %store/vec4 v0x60000152a400_0, 0, 32;
    %jmp T_1.51;
T_1.52 ;
    %load/vec4 v0x60000152a0a0_0;
    %cmpi/s 15, 0, 32;
    %flag_or 5, 4; GT is !LE
    %flag_inv 5;
    %jmp/0xz  T_1.57, 5;
    %load/vec4 v0x60000152a0a0_0;
    %subi 15, 0, 32;
    %vpi_call 2 177 "$display", "Additional %d errors NOT printed.", S<0,vec4,s32> {1 0 0};
T_1.57 ;
    %vpi_call 2 179 "$display", "Simulation finished: %d test cases %d errors", v0x60000152a490_0, v0x60000152a0a0_0 {0 0 0};
    %load/vec4 v0x60000152a490_0;
    %store/vec4 v0x600001526130_0, 0, 32;
    %load/vec4 v0x60000152a490_0;
    %load/vec4 v0x60000152a0a0_0;
    %sub;
    %store/vec4 v0x6000015260a0_0, 0, 32;
    %fork TD_test_adders.printPoints, S_0x156705300;
    %join;
    %vpi_call 2 181 "$finish" {0 0 0};
    %end;
    .thread T_1;
# The file index is used to find the file name in the following table.
:file_names 5;
    "N/A";
    "<interactive>";
    "rca_testbench.v";
    "rca.v";
    "./print_points.v";
